{
  "stats": {
    "suites": 21,
    "tests": 46,
    "passes": 45,
    "pending": 0,
    "failures": 1,
    "start": "2022-04-16T15:48:54.686Z",
    "end": "2022-04-16T15:51:25.699Z",
    "duration": 59876,
    "testsRegistered": 46,
    "passPercent": 97.82608695652173,
    "pendingPercent": 0,
    "other": 0,
    "hasOther": false,
    "skipped": 0,
    "hasSkipped": false
  },
  "results": [
    {
      "uuid": "890a8db7-ac76-497b-8dbb-37b53ec957cc",
      "title": "",
      "fullFile": "cypress/integration/automation-test-store/alias-invoke.js",
      "file": "cypress/integration/automation-test-store/alias-invoke.js",
      "beforeHooks": [],
      "afterHooks": [],
      "tests": [],
      "suites": [
        {
          "uuid": "55d76429-7b5a-450b-9b38-3c1edb36a7f7",
          "title": "Alias and invoke tutorial",
          "fullFile": "",
          "file": "",
          "beforeHooks": [],
          "afterHooks": [],
          "tests": [
            {
              "title": "Calculate total of normal and sale products",
              "fullTitle": "Alias and invoke tutorial Calculate total of normal and sale products",
              "timedOut": null,
              "duration": 2114,
              "state": "passed",
              "speed": "fast",
              "pass": true,
              "fail": false,
              "pending": false,
              "context": null,
              "code": "cy.visit(\"https://automationteststore.com/\");\ncy.get(\".thumbnail\").as(\"productThumbnail\"); // cy.get(\"@productThumbnail\")\n//   .find(\".oneprice\")\n//   .each((el, index, list) => {\n//     cy.log(el.text());\n//   });\ncy.get(\"@productThumbnail\").find(\".oneprice\").invoke(\"text\").as(\"itemPrice\");\ncy.get(\"@productThumbnail\").find(\".pricenew\").invoke(\"text\").as(\"saleitemPrice\");\nlet totalProductsValue = 0;\ncy.get(\"@itemPrice\").then(priceText => {\n  let nonSale = 0;\n  let priceNumber = priceText.split(\"$\").forEach(el => {\n    nonSale += Number(el);\n  });\n  totalProductsValue = nonSale;\n  console.log(nonSale);\n});\ncy.get(\"@saleitemPrice\").then(priceText => {\n  let isonSale = 0;\n  let priceNumber = priceText.split(\"$\").forEach(el => {\n    isonSale += Number(el);\n  });\n  totalProductsValue += isonSale;\n  console.log(isonSale);\n}).then(() => {\n  cy.log(\"Total price of all products is: \", totalProductsValue);\n  expect(totalProductsValue).to.equal(648.5);\n});",
              "err": {},
              "uuid": "c702089d-9d47-46fd-b82b-5cdf6dd0f8f9",
              "parentUUID": "55d76429-7b5a-450b-9b38-3c1edb36a7f7",
              "isHook": false,
              "skipped": false
            }
          ],
          "suites": [],
          "passes": [
            "c702089d-9d47-46fd-b82b-5cdf6dd0f8f9"
          ],
          "failures": [],
          "pending": [],
          "skipped": [],
          "duration": 2114,
          "root": false,
          "rootEmpty": false,
          "_timeout": 2000
        }
      ],
      "passes": [],
      "failures": [],
      "pending": [],
      "skipped": [],
      "duration": 0,
      "root": true,
      "rootEmpty": true,
      "_timeout": 2000
    },
    {
      "uuid": "3cec98d4-f585-47ba-bf13-3b4b5ebfb1f6",
      "title": "",
      "fullFile": "cypress/integration/automation-test-store/contact-us.js",
      "file": "cypress/integration/automation-test-store/contact-us.js",
      "beforeHooks": [],
      "afterHooks": [],
      "tests": [],
      "suites": [
        {
          "uuid": "dbf20b15-e385-48f9-bf35-23906f13bde2",
          "title": "Test Contact-Us form via Automation Test Store",
          "fullFile": "",
          "file": "",
          "beforeHooks": [],
          "afterHooks": [],
          "tests": [
            {
              "title": "Should be able to submit a succesful submission via the contacts us form",
              "fullTitle": "Test Contact-Us form via Automation Test Store Should be able to submit a succesful submission via the contacts us form",
              "timedOut": null,
              "duration": 5777,
              "state": "passed",
              "speed": "medium",
              "pass": true,
              "fail": false,
              "pending": false,
              "context": null,
              "code": "cy.visit(\"https://automationteststore.com/\");\ncy.xpath(\"//body/div[1]/div[4]/footer[1]/section[2]/div[1]/div[1]/div[1]/ul[1]/li[5]/a[1]\").click().then(item => {\n  cy.log(item.text());\n});\ncy.get(\"@user\").then(user => {\n  cy.get(\"#ContactUsFrm_first_name\").type(user.first_name);\n  cy.get(\"#ContactUsFrm_email\").type(user.email);\n});\ncy.get(\"#ContactUsFrm_email\").should(\"have.attr\", \"name\", \"email\");\ncy.get(\"#ContactUsFrm_enquiry\").type(\"Can you provide some discount to nice consumers?\");\ncy.get(\".col-md-6 > .btn\").click();\ncy.get(\".mb40 > :nth-child(3)\").should(\"have.text\", \"Your enquiry has been successfully sent to the store owner!\");\ncy.wait(1000);",
              "err": {},
              "uuid": "ac4c0c18-79dc-4976-a173-2311003add9f",
              "parentUUID": "dbf20b15-e385-48f9-bf35-23906f13bde2",
              "isHook": false,
              "skipped": false
            }
          ],
          "suites": [],
          "passes": [
            "ac4c0c18-79dc-4976-a173-2311003add9f"
          ],
          "failures": [],
          "pending": [],
          "skipped": [],
          "duration": 5777,
          "root": false,
          "rootEmpty": false,
          "_timeout": 2000
        }
      ],
      "passes": [],
      "failures": [],
      "pending": [],
      "skipped": [],
      "duration": 0,
      "root": true,
      "rootEmpty": true,
      "_timeout": 2000
    },
    {
      "uuid": "b9160f54-bf02-4097-8003-3e0691f6e723",
      "title": "",
      "fullFile": "cypress/integration/automation-test-store/inspect-item.js",
      "file": "cypress/integration/automation-test-store/inspect-item.js",
      "beforeHooks": [],
      "afterHooks": [],
      "tests": [],
      "suites": [
        {
          "uuid": "d3f61cd6-db87-4ea6-94b1-ed040e1cc975",
          "title": "Insepct Dutomation Test Stor using chain of commands",
          "fullFile": "",
          "file": "",
          "beforeHooks": [],
          "afterHooks": [],
          "tests": [
            {
              "title": "Click on the first item using text",
              "fullTitle": "Insepct Dutomation Test Stor using chain of commands Click on the first item using text",
              "timedOut": null,
              "duration": 2503,
              "state": "passed",
              "speed": "fast",
              "pass": true,
              "fail": false,
              "pending": false,
              "context": null,
              "code": "cy.visit(\"https://automationteststore.com/\");\ncy.get(\".prdocutname\").contains(\"Skinsheen Bronzer Stick\").click().then(itemText => {\n  console.log(\"The following item is selected \", itemText.text());\n});",
              "err": {},
              "uuid": "b6c9da7e-b1b4-410a-8c22-0af4a3683e60",
              "parentUUID": "d3f61cd6-db87-4ea6-94b1-ed040e1cc975",
              "isHook": false,
              "skipped": false
            }
          ],
          "suites": [],
          "passes": [
            "b6c9da7e-b1b4-410a-8c22-0af4a3683e60"
          ],
          "failures": [],
          "pending": [],
          "skipped": [],
          "duration": 2503,
          "root": false,
          "rootEmpty": false,
          "_timeout": 2000
        }
      ],
      "passes": [],
      "failures": [],
      "pending": [],
      "skipped": [],
      "duration": 0,
      "root": true,
      "rootEmpty": true,
      "_timeout": 2000
    },
    {
      "uuid": "e009d69f-5e37-4cd3-be5f-15f96a5d0abf",
      "title": "",
      "fullFile": "cypress/integration/automation-test-store/iterate-over-elements.js",
      "file": "cypress/integration/automation-test-store/iterate-over-elements.js",
      "beforeHooks": [],
      "afterHooks": [],
      "tests": [],
      "suites": [
        {
          "uuid": "a58e2c13-7dfd-4946-9b68-31530a308999",
          "title": "Iterate over element",
          "fullFile": "",
          "file": "",
          "beforeHooks": [],
          "afterHooks": [],
          "tests": [
            {
              "title": "Log information of all Hair care product",
              "fullTitle": "Iterate over element Log information of all Hair care product",
              "timedOut": null,
              "duration": 2418,
              "state": "passed",
              "speed": "fast",
              "pass": true,
              "fail": false,
              "pending": false,
              "context": null,
              "code": "cy.get(\".fixed_wrapper .prdocutname\").each((el, index, list) => {\n  cy.log(index, \" : \", el.text());\n});",
              "err": {},
              "uuid": "65697419-9c5e-463f-a44d-386f2f2176e7",
              "parentUUID": "a58e2c13-7dfd-4946-9b68-31530a308999",
              "isHook": false,
              "skipped": false
            },
            {
              "title": "Add specific product to basket",
              "fullTitle": "Iterate over element Add specific product to basket",
              "timedOut": null,
              "duration": 1475,
              "state": "passed",
              "speed": "fast",
              "pass": true,
              "fail": false,
              "pending": false,
              "context": null,
              "code": "// cy.get(\".fixed_wrapper .prdocutname\").each((el, index, list) => {\n//   if (el.text().includes(\"Eau Parfumee au The Vert Shampoo\")) {\n//     cy.wrap(el).click();\n//     console.log(cy.wrap(el));\n//   }\n// });\ncy.selectProduct(\"Eau Parfumee au The Vert Shampoo\");",
              "err": {},
              "uuid": "9d9af501-d064-4686-9582-27cf8a793864",
              "parentUUID": "a58e2c13-7dfd-4946-9b68-31530a308999",
              "isHook": false,
              "skipped": false
            },
            {
              "title": "Add another specific product to basket",
              "fullTitle": "Iterate over element Add another specific product to basket",
              "timedOut": null,
              "duration": 4615,
              "state": "passed",
              "speed": "fast",
              "pass": true,
              "fail": false,
              "pending": false,
              "context": null,
              "code": "cy.selectProduct(\"Seaweed Conditioner\");",
              "err": {},
              "uuid": "62226b4a-4472-4f3f-84a2-8c44133b8638",
              "parentUUID": "a58e2c13-7dfd-4946-9b68-31530a308999",
              "isHook": false,
              "skipped": false
            },
            {
              "title": "Add one more product to basket",
              "fullTitle": "Iterate over element Add one more product to basket",
              "timedOut": null,
              "duration": 1600,
              "state": "passed",
              "speed": "fast",
              "pass": true,
              "fail": false,
              "pending": false,
              "context": null,
              "code": "cy.selectProduct(\"Eau Parfumee au The Vert Shampoo\");",
              "err": {},
              "uuid": "f989fe4f-4d0e-4ea9-8d0b-fa08889d4b93",
              "parentUUID": "a58e2c13-7dfd-4946-9b68-31530a308999",
              "isHook": false,
              "skipped": false
            }
          ],
          "suites": [],
          "passes": [
            "65697419-9c5e-463f-a44d-386f2f2176e7",
            "9d9af501-d064-4686-9582-27cf8a793864",
            "62226b4a-4472-4f3f-84a2-8c44133b8638",
            "f989fe4f-4d0e-4ea9-8d0b-fa08889d4b93"
          ],
          "failures": [],
          "pending": [],
          "skipped": [],
          "duration": 10108,
          "root": false,
          "rootEmpty": false,
          "_timeout": 2000
        }
      ],
      "passes": [],
      "failures": [],
      "pending": [],
      "skipped": [],
      "duration": 0,
      "root": true,
      "rootEmpty": true,
      "_timeout": 2000
    },
    {
      "uuid": "e420af6d-8337-43bd-934c-5747f7ed9f30",
      "title": "",
      "fullFile": "cypress/integration/automation-test-store/variables-and-cy-commands.js",
      "file": "cypress/integration/automation-test-store/variables-and-cy-commands.js",
      "beforeHooks": [],
      "afterHooks": [],
      "tests": [],
      "suites": [
        {
          "uuid": "8aaa364d-aa8e-45c7-8ed6-2df58075aaa0",
          "title": "Verifying variables, cypress commands and jQuery commands",
          "fullFile": "",
          "file": "",
          "beforeHooks": [],
          "afterHooks": [],
          "tests": [
            {
              "title": "Validate properties of the Contact Us page",
              "fullTitle": "Verifying variables, cypress commands and jQuery commands Validate properties of the Contact Us page",
              "timedOut": null,
              "duration": 1422,
              "state": "passed",
              "speed": "fast",
              "pass": true,
              "fail": false,
              "pending": false,
              "context": null,
              "code": "cy.visit(\"https://automationteststore.com/index.php?rt=content/contact\"); //Cypress commands and chaining\ncy.contains(\"#ContactUsFrm\", \"Contact Us Form\").find(\"#field_11\").should(\"contain\", \"First name\"); //JQuery aproach\ncy.contains(\"#ContactUsFrm\", \"Contact Us Form\").then(divText => {\n  const firstNameText = divText.find(\"#field_11\").text();\n  expect(firstNameText).to.contain(\"First name\"); //Embedded commands(Closures)\n  cy.get(\"#field_11\").then(fnText => {\n    cy.log(fnText.text());\n  });\n});",
              "err": {},
              "uuid": "256e2c16-56ef-4524-9965-d515c2715529",
              "parentUUID": "8aaa364d-aa8e-45c7-8ed6-2df58075aaa0",
              "isHook": false,
              "skipped": false
            }
          ],
          "suites": [],
          "passes": [
            "256e2c16-56ef-4524-9965-d515c2715529"
          ],
          "failures": [],
          "pending": [],
          "skipped": [],
          "duration": 1422,
          "root": false,
          "rootEmpty": false,
          "_timeout": 2000
        }
      ],
      "passes": [],
      "failures": [],
      "pending": [],
      "skipped": [],
      "duration": 0,
      "root": true,
      "rootEmpty": true,
      "_timeout": 2000
    },
    {
      "uuid": "b0bf6766-5705-4198-9dc7-475afc4b19c2",
      "title": "",
      "fullFile": "cypress/integration/other/hooks.js",
      "file": "cypress/integration/other/hooks.js",
      "beforeHooks": [],
      "afterHooks": [],
      "tests": [],
      "suites": [
        {
          "uuid": "111768a3-0da2-4643-ae12-0073ef1b1f0d",
          "title": "Hooks",
          "fullFile": "",
          "file": "",
          "beforeHooks": [],
          "afterHooks": [],
          "tests": [
            {
              "title": "Example test1",
              "fullTitle": "Hooks Example test1",
              "timedOut": null,
              "duration": 51,
              "state": "passed",
              "speed": "fast",
              "pass": true,
              "fail": false,
              "pending": false,
              "context": null,
              "code": "cy.log(\"Example test1!\");",
              "err": {},
              "uuid": "776dbfcc-56cd-47fd-a313-6d73acc18a40",
              "parentUUID": "111768a3-0da2-4643-ae12-0073ef1b1f0d",
              "isHook": false,
              "skipped": false
            },
            {
              "title": "Example test1",
              "fullTitle": "Hooks Example test1",
              "timedOut": null,
              "duration": 13,
              "state": "passed",
              "speed": "fast",
              "pass": true,
              "fail": false,
              "pending": false,
              "context": null,
              "code": "cy.log(\"Example test2!\");",
              "err": {},
              "uuid": "ccde73ce-9abf-454f-ae3c-8d485539a575",
              "parentUUID": "111768a3-0da2-4643-ae12-0073ef1b1f0d",
              "isHook": false,
              "skipped": false
            }
          ],
          "suites": [],
          "passes": [
            "776dbfcc-56cd-47fd-a313-6d73acc18a40",
            "ccde73ce-9abf-454f-ae3c-8d485539a575"
          ],
          "failures": [],
          "pending": [],
          "skipped": [],
          "duration": 64,
          "root": false,
          "rootEmpty": false,
          "_timeout": 2000
        }
      ],
      "passes": [],
      "failures": [],
      "pending": [],
      "skipped": [],
      "duration": 0,
      "root": true,
      "rootEmpty": true,
      "_timeout": 2000
    },
    {
      "uuid": "8d72dbb3-74a8-48df-8a9e-0e19b731f862",
      "title": "",
      "fullFile": "cypress/integration/other/same-origin-policy.js",
      "file": "cypress/integration/other/same-origin-policy.js",
      "beforeHooks": [],
      "afterHooks": [],
      "tests": [],
      "suites": [
        {
          "uuid": "38b47950-beec-4672-8931-4639d1254329",
          "title": "Cypress web security",
          "fullFile": "",
          "file": "",
          "beforeHooks": [],
          "afterHooks": [],
          "tests": [
            {
              "title": "Validate visiting two different super-domains",
              "fullTitle": "Cypress web security Validate visiting two different super-domains",
              "timedOut": null,
              "duration": 1039,
              "state": "failed",
              "speed": null,
              "pass": false,
              "fail": true,
              "pending": false,
              "context": null,
              "code": "cy.visit(\"https://webdriveruniversity.com/\");\ncy.visit(\"https://automationteststore.com/\");",
              "err": {
                "message": "CypressError: `cy.visit()` failed because you are attempting to visit a URL that is of a different origin.\n\nThe new URL is considered a different origin because the following parts of the URL are different:\n\n  > superdomain\n\nYou may only `cy.visit()` same-origin URLs within a single test.\n\nThe previous URL you visited was:\n\n  > 'https://webdriveruniversity.com'\n\nYou're attempting to visit this URL:\n\n  > 'https://automationteststore.com'\n\nYou may need to restructure some of your test code to avoid this problem.\n\nhttps://on.cypress.io/cannot-visit-different-origin-domain",
                "estack": "CypressError: `cy.visit()` failed because you are attempting to visit a URL that is of a different origin.\n\nThe new URL is considered a different origin because the following parts of the URL are different:\n\n  > superdomain\n\nYou may only `cy.visit()` same-origin URLs within a single test.\n\nThe previous URL you visited was:\n\n  > 'https://webdriveruniversity.com'\n\nYou're attempting to visit this URL:\n\n  > 'https://automationteststore.com'\n\nYou may need to restructure some of your test code to avoid this problem.\n\nhttps://on.cypress.io/cannot-visit-different-origin-domain\n    at cannotVisitDifferentOrigin (https://webdriveruniversity.com/__cypress/runner/cypress_runner.js:158340:72)\n    at go (https://webdriveruniversity.com/__cypress/runner/cypress_runner.js:159167:18)\n    at visit (https://webdriveruniversity.com/__cypress/runner/cypress_runner.js:159357:16)\n    at Context.visit (https://webdriveruniversity.com/__cypress/runner/cypress_runner.js:159360:14)\nFrom Your Spec Code:\n    at Context.eval (https://webdriveruniversity.com/__cypress/tests?p=cypress\\integration\\other\\same-origin-policy.js:103:8)",
                "diff": null
              },
              "uuid": "5bd53444-357f-4dda-96b5-65127ea4e94a",
              "parentUUID": "38b47950-beec-4672-8931-4639d1254329",
              "isHook": false,
              "skipped": false
            },
            {
              "title": "Validate visiting two different super-domains via user actions",
              "fullTitle": "Cypress web security Validate visiting two different super-domains via user actions",
              "timedOut": null,
              "duration": 2565,
              "state": "passed",
              "speed": "fast",
              "pass": true,
              "fail": false,
              "pending": false,
              "context": null,
              "code": "cy.visit(\"https://webdriveruniversity.com/\");\ncy.get(\"#automation-test-store\").invoke(\"removeAttr\", \"target\").click();",
              "err": {},
              "uuid": "f839dc38-3042-421f-90a4-04f1baf9cf8a",
              "parentUUID": "38b47950-beec-4672-8931-4639d1254329",
              "isHook": false,
              "skipped": false
            }
          ],
          "suites": [],
          "passes": [
            "f839dc38-3042-421f-90a4-04f1baf9cf8a"
          ],
          "failures": [
            "5bd53444-357f-4dda-96b5-65127ea4e94a"
          ],
          "pending": [],
          "skipped": [],
          "duration": 3604,
          "root": false,
          "rootEmpty": false,
          "_timeout": 2000
        }
      ],
      "passes": [],
      "failures": [],
      "pending": [],
      "skipped": [],
      "duration": 0,
      "root": true,
      "rootEmpty": true,
      "_timeout": 2000
    },
    {
      "uuid": "555a871d-55db-4474-baa7-2b3be8f5ae07",
      "title": "",
      "fullFile": "cypress/integration/webdriver-uni/autocomplete-dropdown-list.js",
      "file": "cypress/integration/webdriver-uni/autocomplete-dropdown-list.js",
      "beforeHooks": [],
      "afterHooks": [],
      "tests": [],
      "suites": [
        {
          "uuid": "ea7e57ca-41eb-46ff-80ed-d49e3b6cf87e",
          "title": "Verify autocomplete dropdown list via webdriveruni",
          "fullFile": "",
          "file": "",
          "beforeHooks": [],
          "afterHooks": [],
          "tests": [
            {
              "title": "Select specific product via autocomplete list",
              "fullTitle": "Verify autocomplete dropdown list via webdriveruni Select specific product via autocomplete list",
              "timedOut": null,
              "duration": 2060,
              "state": "passed",
              "speed": "fast",
              "pass": true,
              "fail": false,
              "pending": false,
              "context": null,
              "code": "cy.visit(\"https://webdriveruniversity.com\");\ncy.get(\"#autocomplete-textfield\").invoke(\"attr\", \"target\", \"_self\").click({\n  force: true\n});\ncy.get(\"#myInput\").type(\"A\");\ncy.get(\"#myInputautocomplete-list > *\").each(($el, index, $list) => {\n  const prod = $el.text();\n  const productToSelect = \"Avacado\";\n  if (prod === productToSelect) {\n    $el.trigger(\"click\");\n    cy.get(\"#submit-button\").click();\n    cy.url().should(\"include\", productToSelect);\n  }\n}).then(el => {\n  console.log(el);\n  cy.get(\"#myInput\").type(\"G\");\n  cy.get(\"#myInputautocomplete-list > *\").each(($el, index, $list) => {\n    const prod = $el.text();\n    const productToSelect = \"Grapes\";\n    if (prod === productToSelect) {\n      $el.trigger(\"click\");\n      cy.get(\"#submit-button\").click();\n      cy.url().should(\"include\", productToSelect);\n    }\n  });\n});",
              "err": {},
              "uuid": "0d3ab599-75a4-49f7-a929-82b0c57e9b1a",
              "parentUUID": "ea7e57ca-41eb-46ff-80ed-d49e3b6cf87e",
              "isHook": false,
              "skipped": false
            }
          ],
          "suites": [],
          "passes": [
            "0d3ab599-75a4-49f7-a929-82b0c57e9b1a"
          ],
          "failures": [],
          "pending": [],
          "skipped": [],
          "duration": 2060,
          "root": false,
          "rootEmpty": false,
          "_timeout": 2000
        }
      ],
      "passes": [],
      "failures": [],
      "pending": [],
      "skipped": [],
      "duration": 0,
      "root": true,
      "rootEmpty": true,
      "_timeout": 2000
    },
    {
      "uuid": "06e2cd15-8e1a-46d0-b2a0-d76fcc3ef007",
      "title": "",
      "fullFile": "cypress/integration/webdriver-uni/browser-navigation.js",
      "file": "cypress/integration/webdriver-uni/browser-navigation.js",
      "beforeHooks": [],
      "afterHooks": [],
      "tests": [],
      "suites": [
        {
          "uuid": "690bd84a-34fc-44e6-95cb-c7adab6c071c",
          "title": "Validate Webdriveruni homepage links",
          "fullFile": "",
          "file": "",
          "beforeHooks": [],
          "afterHooks": [],
          "tests": [
            {
              "title": "Should redirect to the correct pages",
              "fullTitle": "Validate Webdriveruni homepage links Should redirect to the correct pages",
              "timedOut": null,
              "duration": 3989,
              "state": "passed",
              "speed": "fast",
              "pass": true,
              "fail": false,
              "pending": false,
              "context": null,
              "code": "cy.visit(\"https://webdriveruniversity.com\");\ncy.get(\"#contact-us\").invoke(\"attr\", \"target\", \"_self\") // or invoke(\"removeAttr\", \"_taget\")\n.click({\n  force: true\n});\ncy.url().should(\"include\", \"contactus\");\ncy.go(\"back\");\ncy.reload(true);\ncy.url().should(\"include\", \"https://webdriveruniversity.com\");\ncy.go(\"forward\");\ncy.url().should(\"include\", \"contactus\");\ncy.go(\"back\");\ncy.get(\"#login-portal\").invoke(\"attr\", \"target\", \"_self\") // or invoke(\"removeAttr\", \"_taget\")\n.click({\n  force: true\n});\ncy.url().should(\"include\", \"Login-Portal\");\ncy.go(\"back\");\ncy.get(\"#to-do-list\").invoke(\"attr\", \"target\", \"_self\") // or invoke(\"removeAttr\", \"_taget\")\n.click({\n  force: true\n});\ncy.url().should(\"include\", \"To-Do-List\");\ncy.go(\"back\");",
              "err": {},
              "uuid": "8c86cd4b-0841-43f1-946f-6ae4d42099ce",
              "parentUUID": "690bd84a-34fc-44e6-95cb-c7adab6c071c",
              "isHook": false,
              "skipped": false
            }
          ],
          "suites": [],
          "passes": [
            "8c86cd4b-0841-43f1-946f-6ae4d42099ce"
          ],
          "failures": [],
          "pending": [],
          "skipped": [],
          "duration": 3989,
          "root": false,
          "rootEmpty": false,
          "_timeout": 2000
        }
      ],
      "passes": [],
      "failures": [],
      "pending": [],
      "skipped": [],
      "duration": 0,
      "root": true,
      "rootEmpty": true,
      "_timeout": 2000
    },
    {
      "uuid": "f58c0cde-4ffa-4d2b-bf20-26b32aba8b18",
      "title": "",
      "fullFile": "cypress/integration/webdriver-uni/checkboxes.js",
      "file": "cypress/integration/webdriver-uni/checkboxes.js",
      "beforeHooks": [],
      "afterHooks": [],
      "tests": [],
      "suites": [
        {
          "uuid": "f0dfd928-974d-4d8c-9dcb-f1382150265e",
          "title": "Verify checkboxes via webdriveruni",
          "fullFile": "",
          "file": "",
          "beforeHooks": [],
          "afterHooks": [],
          "tests": [
            {
              "title": "Check and validate checkbox",
              "fullTitle": "Verify checkboxes via webdriveruni Check and validate checkbox",
              "timedOut": null,
              "duration": 648,
              "state": "passed",
              "speed": "fast",
              "pass": true,
              "fail": false,
              "pending": false,
              "context": null,
              "code": "cy.get(\"#checkboxes > :nth-child(1) > input\").as(\"option-1\");\ncy.get(\"@option-1\").check().should(\"be.checked\");",
              "err": {},
              "uuid": "62ba4319-6967-49d1-bbad-458858ea091d",
              "parentUUID": "f0dfd928-974d-4d8c-9dcb-f1382150265e",
              "isHook": false,
              "skipped": false
            },
            {
              "title": "Uncheck and validate checkbox",
              "fullTitle": "Verify checkboxes via webdriveruni Uncheck and validate checkbox",
              "timedOut": null,
              "duration": 287,
              "state": "passed",
              "speed": "fast",
              "pass": true,
              "fail": false,
              "pending": false,
              "context": null,
              "code": "cy.get(\":nth-child(5) > input\").as(\"option-3\");\ncy.get(\"@option-3\").uncheck().should(\"not.be.checked\");",
              "err": {},
              "uuid": "633d87a0-6104-46be-99dd-c35431e7cc62",
              "parentUUID": "f0dfd928-974d-4d8c-9dcb-f1382150265e",
              "isHook": false,
              "skipped": false
            },
            {
              "title": "Check multiple checkboxs",
              "fullTitle": "Verify checkboxes via webdriveruni Check multiple checkboxs",
              "timedOut": null,
              "duration": 455,
              "state": "passed",
              "speed": "fast",
              "pass": true,
              "fail": false,
              "pending": false,
              "context": null,
              "code": "cy.get(\"input[type = 'checkbox']\").check([\"option-1\", \"option-2\", \"option-3\", \"option-4\"]).should(\"be.checked\");",
              "err": {},
              "uuid": "edffad43-be24-4bb1-aba7-c9992c9fcca2",
              "parentUUID": "f0dfd928-974d-4d8c-9dcb-f1382150265e",
              "isHook": false,
              "skipped": false
            }
          ],
          "suites": [],
          "passes": [
            "62ba4319-6967-49d1-bbad-458858ea091d",
            "633d87a0-6104-46be-99dd-c35431e7cc62",
            "edffad43-be24-4bb1-aba7-c9992c9fcca2"
          ],
          "failures": [],
          "pending": [],
          "skipped": [],
          "duration": 1390,
          "root": false,
          "rootEmpty": false,
          "_timeout": 2000
        }
      ],
      "passes": [],
      "failures": [],
      "pending": [],
      "skipped": [],
      "duration": 0,
      "root": true,
      "rootEmpty": true,
      "_timeout": 2000
    },
    {
      "uuid": "bedae100-fa12-4ae4-b209-15f4a5f7cff1",
      "title": "",
      "fullFile": "cypress/integration/webdriver-uni/contact-us.spec.js",
      "file": "cypress/integration/webdriver-uni/contact-us.spec.js",
      "beforeHooks": [],
      "afterHooks": [],
      "tests": [],
      "suites": [
        {
          "uuid": "88fbb5ad-1455-4c58-b12f-b3c898fac1f1",
          "title": "test Contact us form via WebdriverUni",
          "fullFile": "",
          "file": "",
          "beforeHooks": [],
          "afterHooks": [],
          "tests": [
            {
              "title": "Should be able to submit a succesful submission via the contacts us form",
              "fullTitle": "test Contact us form via WebdriverUni Should be able to submit a succesful submission via the contacts us form",
              "timedOut": null,
              "duration": 2827,
              "state": "passed",
              "speed": "fast",
              "pass": true,
              "fail": false,
              "pending": false,
              "context": null,
              "code": "//cy.visit(\"https://webdriveruniversity.com/Contact-Us/contactus.html\");\n// cy.visit(\"https://webdriveruniversity.com\");\n// cy.get(\"#contact-us\")\n//   .invoke(\"attr\", \"target\", \"_self\") // or invoke(\"removeAttr\", \"_taget\")\n//   .click({ force: true });\ncy.document().should(\"have.property\", \"charset\").and(\"eq\", \"UTF-8\");\ncy.title().should(\"include\", \"WebDriver | Contact Us\");\ncy.url().should(\"include\", \"contactus\"); // cy.get(\"#contact-us\").click({ force: true });\n// cy.get('[name=\"first_name\"]').type(this.data.first_name);\n// cy.get('[name=\"last_name\"]').type(this.data.last_name);\n// cy.get('[name=\"email\"]').type(this.data.email);\n// cy.get(\"textarea.feedback-input\").type(\"Hi there\");\n// cy.get('[type=\"submit\"]').click();\n// cy.xpath(\"//h1[normalize-space()='Thank You for your Message!']\").should(\n//   \"have.text\",\n//   \"Thank You for your Message!\"\n// );\n// cy.webdriverUni_ContactForm_Submission(\n//   Cypress.env(\"first_name\"),\n//   Cypress.env(\"last_name\"),\n//   this.data.email,\n//   \"Hi there\",\n//   \"h1\",\n//   \"Thank You for your Message!\"\n// );\ncontact_Us_PO.contactForm_Submission(this.data.first_name, this.data.last_name, this.data.email, \"Hi there\", \"h1\", \"Thank You for your Message!\");",
              "err": {},
              "uuid": "adfe1712-6719-481b-b8b6-b3150ff59686",
              "parentUUID": "88fbb5ad-1455-4c58-b12f-b3c898fac1f1",
              "isHook": false,
              "skipped": false
            },
            {
              "title": "Should not be able to submit a succesful submission via the contacts us form as all fields are required",
              "fullTitle": "test Contact us form via WebdriverUni Should not be able to submit a succesful submission via the contacts us form as all fields are required",
              "timedOut": null,
              "duration": 2467,
              "state": "passed",
              "speed": "fast",
              "pass": true,
              "fail": false,
              "pending": false,
              "context": null,
              "code": "// cy.visit(\"https://webdriveruniversity.com\");\n// cy.get(\"#contact-us\").invoke(\"removeAttr\", \"target\").click({ force: true });\n// cy.get('[name=\"first_name\"]').type(\"Snd\");\n// cy.get('[name=\"last_name\"]').type(\"Bgd\");\n// // cy.get('[name=\"email\"]').type(\"sandubogdan@google.com\");\n// cy.get(\"textarea.feedback-input\").type(\"Hi there\");\n// cy.get('[type=\"submit\"]').click();\n// cy.get(\"body\").contains(\"Error: all fields\");\n// cy.webdriverUni_ContactForm_Submission(\n//   this.data.first_name,\n//   this.data.last_name,\n//   \" \", // this.data.email,   ------ ommit the email filed\n//   \"Hi there\",\n//   \"body\",\n//   \"Error: Invalid email address\"\n// );\ncontact_Us_PO.contactForm_Submission(this.data.first_name, this.data.last_name, this.data.email, \"Hi there\", \"h1\", \"Thank You for your Message!\");",
              "err": {},
              "uuid": "bf6664c6-3da9-410c-b3d7-c30f34ec8e30",
              "parentUUID": "88fbb5ad-1455-4c58-b12f-b3c898fac1f1",
              "isHook": false,
              "skipped": false
            }
          ],
          "suites": [],
          "passes": [
            "adfe1712-6719-481b-b8b6-b3150ff59686",
            "bf6664c6-3da9-410c-b3d7-c30f34ec8e30"
          ],
          "failures": [],
          "pending": [],
          "skipped": [],
          "duration": 5294,
          "root": false,
          "rootEmpty": false,
          "_timeout": 2000
        }
      ],
      "passes": [],
      "failures": [],
      "pending": [],
      "skipped": [],
      "duration": 0,
      "root": true,
      "rootEmpty": true,
      "_timeout": 2000
    },
    {
      "uuid": "f2904d3f-fd28-4779-a224-0825f4aa1dea",
      "title": "",
      "fullFile": "cypress/integration/webdriver-uni/data-tables.js",
      "file": "cypress/integration/webdriver-uni/data-tables.js",
      "beforeHooks": [],
      "afterHooks": [],
      "tests": [],
      "suites": [
        {
          "uuid": "a7ba0b79-dbb6-43bc-9719-fc4ee5a65af9",
          "title": "Handling data via webdriveruni",
          "fullFile": "",
          "file": "",
          "beforeHooks": [],
          "afterHooks": [],
          "tests": [
            {
              "title": "Calculate and assert the  age of a given use based on last name",
              "fullTitle": "Handling data via webdriveruni Calculate and assert the  age of a given use based on last name",
              "timedOut": null,
              "duration": 1093,
              "state": "passed",
              "speed": "fast",
              "pass": true,
              "fail": false,
              "pending": false,
              "context": null,
              "code": "cy.get(\"#thumbnail-1 tr td:nth-child(2)\").each(el => {\n  if (el.text().includes(\"Woods\")) {\n    expect(el.next().text()).to.equal(\"80\");\n  }\n});",
              "err": {},
              "uuid": "6c512b0e-01ef-4339-a7d9-d7d574faa905",
              "parentUUID": "a7ba0b79-dbb6-43bc-9719-fc4ee5a65af9",
              "isHook": false,
              "skipped": false
            }
          ],
          "suites": [],
          "passes": [
            "6c512b0e-01ef-4339-a7d9-d7d574faa905"
          ],
          "failures": [],
          "pending": [],
          "skipped": [],
          "duration": 1093,
          "root": false,
          "rootEmpty": false,
          "_timeout": 2000
        }
      ],
      "passes": [],
      "failures": [],
      "pending": [],
      "skipped": [],
      "duration": 0,
      "root": true,
      "rootEmpty": true,
      "_timeout": 2000
    },
    {
      "uuid": "ee56ae21-f81a-48a2-8a29-058ef957548b",
      "title": "",
      "fullFile": "cypress/integration/webdriver-uni/date-picker.js",
      "file": "cypress/integration/webdriver-uni/date-picker.js",
      "beforeHooks": [],
      "afterHooks": [],
      "tests": [],
      "suites": [
        {
          "uuid": "8642599a-614d-4aa1-8381-0c57e8f56fbb",
          "title": "Test datepicker via webdriveruni",
          "fullFile": "",
          "file": "",
          "beforeHooks": [],
          "afterHooks": [],
          "tests": [
            {
              "title": "Select date from the datepicker",
              "fullTitle": "Test datepicker via webdriveruni Select date from the datepicker",
              "timedOut": null,
              "duration": 1971,
              "state": "passed",
              "speed": "fast",
              "pass": true,
              "fail": false,
              "pending": false,
              "context": null,
              "code": "cy.visit(\"http://webdriveruniversity.com/\");\ncy.get(\"#datepicker\").invoke(\"removeAttr\", \"target\").click({\n  force: true\n});\ncy.get(\"#datepicker\").click();\nlet date = new Date();\ndate.setDate(date.getDate() + 71);\nlet futureYear = date.getFullYear();\nlet futureMonth = date.toLocaleString(\"default\", {\n  month: \"long\"\n});\nlet futureDay = date.getDate();\ncy.log(futureDay + futureMonth + futureYear);\nfunction selectMonthAndYear() {\n  cy.get(\".datepicker-dropdown\").find(\".datepicker-switch\").first().then(currDate => {\n    if (!currDate.text().includes(futureYear)) {\n      cy.get(\".next\").first().click();\n      selectMonthAndYear();\n    }\n  }).then(() => {\n    cy.get(\".datepicker-dropdown\").find(\".datepicker-switch\").first().then(currDate => {\n      if (!currDate.text().includes(futureMonth)) {\n        cy.get(\".next\").first().click();\n        selectMonthAndYear();\n      }\n    });\n  });\n}\nfunction selectFutureDay() {\n  cy.get(\"[class=day]\").contains(futureDay).click();\n}\nselectMonthAndYear();\nselectFutureDay();",
              "err": {},
              "uuid": "19f70264-7c6f-4cdc-9059-4cca7c7da73c",
              "parentUUID": "8642599a-614d-4aa1-8381-0c57e8f56fbb",
              "isHook": false,
              "skipped": false
            }
          ],
          "suites": [],
          "passes": [
            "19f70264-7c6f-4cdc-9059-4cca7c7da73c"
          ],
          "failures": [],
          "pending": [],
          "skipped": [],
          "duration": 1971,
          "root": false,
          "rootEmpty": false,
          "_timeout": 2000
        }
      ],
      "passes": [],
      "failures": [],
      "pending": [],
      "skipped": [],
      "duration": 0,
      "root": true,
      "rootEmpty": true,
      "_timeout": 2000
    },
    {
      "uuid": "9a668203-1e98-40dd-8b93-77a6cd1238a7",
      "title": "",
      "fullFile": "cypress/integration/webdriver-uni/file-upload.js",
      "file": "cypress/integration/webdriver-uni/file-upload.js",
      "beforeHooks": [],
      "afterHooks": [],
      "tests": [],
      "suites": [
        {
          "uuid": "c907941e-3d84-47f2-a7ea-6fd023ec2377",
          "title": "Test file upload via webdriveruni",
          "fullFile": "",
          "file": "",
          "beforeHooks": [],
          "afterHooks": [],
          "tests": [
            {
              "title": "Upload a file...",
              "fullTitle": "Test file upload via webdriveruni Upload a file...",
              "timedOut": null,
              "duration": 1039,
              "state": "passed",
              "speed": "fast",
              "pass": true,
              "fail": false,
              "pending": false,
              "context": null,
              "code": "cy.visit(\"https://webdriveruniversity.com\");\ncy.get(\"#file-upload\").invoke(\"attr\", \"target\", \"_self\") // or invoke(\"removeAttr\", \"_taget\")\n.click({\n  force: true\n});\ncy.get(\"#myFile\").selectFile(\"cypress/fixtures/laptop.png\");\ncy.get(\"#submit-button\").click();",
              "err": {},
              "uuid": "4aca3233-7099-40ce-8907-b6cfe7b85777",
              "parentUUID": "c907941e-3d84-47f2-a7ea-6fd023ec2377",
              "isHook": false,
              "skipped": false
            },
            {
              "title": "Upload no file",
              "fullTitle": "Test file upload via webdriveruni Upload no file",
              "timedOut": null,
              "duration": 503,
              "state": "passed",
              "speed": "fast",
              "pass": true,
              "fail": false,
              "pending": false,
              "context": null,
              "code": "cy.visit(\"https://webdriveruniversity.com\");\ncy.get(\"#file-upload\").invoke(\"attr\", \"target\", \"_self\") // or invoke(\"removeAttr\", \"_taget\")\n.click({\n  force: true\n});\ncy.get(\"#myFile\");\ncy.get(\"#submit-button\").click();",
              "err": {},
              "uuid": "bcb2ab7b-daa6-40ec-92f5-89858f41f65e",
              "parentUUID": "c907941e-3d84-47f2-a7ea-6fd023ec2377",
              "isHook": false,
              "skipped": false
            }
          ],
          "suites": [],
          "passes": [
            "4aca3233-7099-40ce-8907-b6cfe7b85777",
            "bcb2ab7b-daa6-40ec-92f5-89858f41f65e"
          ],
          "failures": [],
          "pending": [],
          "skipped": [],
          "duration": 1542,
          "root": false,
          "rootEmpty": false,
          "_timeout": 2000
        }
      ],
      "passes": [],
      "failures": [],
      "pending": [],
      "skipped": [],
      "duration": 0,
      "root": true,
      "rootEmpty": true,
      "_timeout": 2000
    },
    {
      "uuid": "2ab9cf12-9e65-465f-b811-af726dd98727",
      "title": "",
      "fullFile": "cypress/integration/webdriver-uni/iframe.js",
      "file": "cypress/integration/webdriver-uni/iframe.js",
      "beforeHooks": [],
      "afterHooks": [],
      "tests": [],
      "suites": [
        {
          "uuid": "886e42ce-5676-4863-a201-654c46ab5bcb",
          "title": "Handling Iframe and Modals",
          "fullFile": "",
          "file": "",
          "beforeHooks": [],
          "afterHooks": [],
          "tests": [
            {
              "title": "Handling webdriveruni iframe and modal",
              "fullTitle": "Handling Iframe and Modals Handling webdriveruni iframe and modal",
              "timedOut": null,
              "duration": 1490,
              "state": "passed",
              "speed": "fast",
              "pass": true,
              "fail": false,
              "pending": false,
              "context": null,
              "code": "cy.visit(\"https://webdriveruniversity.com\");\ncy.get(\"#iframe\").invoke(\"attr\", \"target\", \"_self\") // or invoke(\"removeAttr\", \"_taget\")\n.click({\n  force: true\n});\ncy.get(\"#frame\").then($iframe => {\n  console.log($iframe.contents());\n  const body = $iframe.contents().find(\"body\");\n  cy.wrap(body).as(\"iframe\");\n});\ncy.get(\"@iframe\").find(\"#button-find-out-more\").click();\ncy.get(\"@iframe\").find(\"#myModal\").as(\"modal\");\ncy.get(\"@modal\").should(modalTag => {\n  const text = modalTag.text();\n  expect(text).include(\"Welcome to webdriveruniversity.com we sell a wide range of electrical goods such as laptops, game consoles, cameras\");\n});\ncy.get(\"@modal\").contains(\"Close\").click();",
              "err": {},
              "uuid": "4540d492-db49-46b2-92c9-9cd521e93423",
              "parentUUID": "886e42ce-5676-4863-a201-654c46ab5bcb",
              "isHook": false,
              "skipped": false
            }
          ],
          "suites": [],
          "passes": [
            "4540d492-db49-46b2-92c9-9cd521e93423"
          ],
          "failures": [],
          "pending": [],
          "skipped": [],
          "duration": 1490,
          "root": false,
          "rootEmpty": false,
          "_timeout": 2000
        }
      ],
      "passes": [],
      "failures": [],
      "pending": [],
      "skipped": [],
      "duration": 0,
      "root": true,
      "rootEmpty": true,
      "_timeout": 2000
    },
    {
      "uuid": "7fc9f024-7c63-4021-a905-a184315a8b97",
      "title": "",
      "fullFile": "cypress/integration/webdriver-uni/js-alerts.js",
      "file": "cypress/integration/webdriver-uni/js-alerts.js",
      "beforeHooks": [],
      "afterHooks": [],
      "tests": [],
      "suites": [
        {
          "uuid": "d424f2a8-41cc-4e9e-ae53-1243f2c0cda6",
          "title": "Handle js alert",
          "fullFile": "",
          "file": "",
          "beforeHooks": [],
          "afterHooks": [],
          "tests": [
            {
              "title": "Validate js confirm alert box using a stub",
              "fullTitle": "Handle js alert Validate js confirm alert box using a stub",
              "timedOut": null,
              "duration": 993,
              "state": "passed",
              "speed": "fast",
              "pass": true,
              "fail": false,
              "pending": false,
              "context": null,
              "code": "cy.visit(\"https://webdriveruniversity.com\");\ncy.get(\"#popup-alerts\").invoke(\"attr\", \"target\", \"_self\") // or invoke(\"removeAttr\", \"target\")\n.click({\n  force: true\n});\nconst stub = cy.stub();\ncy.on(\"window:confirm\", stub);\ncy.get(\"#button4\").click().then(() => {\n  expect(stub.getCall(0)).to.be.calledWith(\"Press a button!\");\n  console.log(stub.getCall(0));\n});",
              "err": {},
              "uuid": "896eaa13-c200-4cce-82a5-d29178777d6c",
              "parentUUID": "d424f2a8-41cc-4e9e-ae53-1243f2c0cda6",
              "isHook": false,
              "skipped": false
            }
          ],
          "suites": [],
          "passes": [
            "896eaa13-c200-4cce-82a5-d29178777d6c"
          ],
          "failures": [],
          "pending": [],
          "skipped": [],
          "duration": 993,
          "root": false,
          "rootEmpty": false,
          "_timeout": 2000
        }
      ],
      "passes": [],
      "failures": [],
      "pending": [],
      "skipped": [],
      "duration": 0,
      "root": true,
      "rootEmpty": true,
      "_timeout": 2000
    },
    {
      "uuid": "391271f9-8b28-46af-ad5c-e34be5ba997e",
      "title": "",
      "fullFile": "cypress/integration/webdriver-uni/mouse-action.js",
      "file": "cypress/integration/webdriver-uni/mouse-action.js",
      "beforeHooks": [],
      "afterHooks": [],
      "tests": [],
      "suites": [
        {
          "uuid": "68d351e6-cc68-4ac9-b01c-b992752d04be",
          "title": "Test mouse actions via webdriveruni",
          "fullFile": "",
          "file": "",
          "beforeHooks": [],
          "afterHooks": [],
          "tests": [
            {
              "title": "I should be able to hover over a specific element and click on first option in dropdown menu",
              "fullTitle": "Test mouse actions via webdriveruni I should be able to hover over a specific element and click on first option in dropdown menu",
              "timedOut": null,
              "duration": 1253,
              "state": "passed",
              "speed": "fast",
              "pass": true,
              "fail": false,
              "pending": false,
              "context": null,
              "code": "cy.visit(\"https://webdriveruniversity.com\");\ncy.get(\"#actions\").invoke(\"attr\", \"target\", \"_self\").click({\n  force: true\n});\ncy.get(\"#div-hover\").contains(\"Hover Over Me Third!\").realHover().then(el => {\n  cy.get(\"#div-hover > div:nth-child(3) > div > a:nth-child(2)\").click();\n  cy.on(\"window:alert\", alertMessage => {\n    expect(alertMessage).to.equal(\"Well done you clicked on the link!\");\n  });\n});",
              "err": {},
              "uuid": "db867a63-bee0-4739-a529-a5beacd7da62",
              "parentUUID": "68d351e6-cc68-4ac9-b01c-b992752d04be",
              "isHook": false,
              "skipped": false
            }
          ],
          "suites": [],
          "passes": [
            "db867a63-bee0-4739-a529-a5beacd7da62"
          ],
          "failures": [],
          "pending": [],
          "skipped": [],
          "duration": 1253,
          "root": false,
          "rootEmpty": false,
          "_timeout": 2000
        }
      ],
      "passes": [],
      "failures": [],
      "pending": [],
      "skipped": [],
      "duration": 0,
      "root": true,
      "rootEmpty": true,
      "_timeout": 2000
    },
    {
      "uuid": "3906f681-b0dd-4ca8-b9f1-68fb71db9f51",
      "title": "",
      "fullFile": "cypress/integration/webdriver-uni/radio-buttons.js",
      "file": "cypress/integration/webdriver-uni/radio-buttons.js",
      "beforeHooks": [],
      "afterHooks": [],
      "tests": [],
      "suites": [
        {
          "uuid": "497c191a-fe86-4ba2-aa95-5a21a7c394ac",
          "title": "Verify radio buttons via webdriveruni",
          "fullFile": "",
          "file": "",
          "beforeHooks": [],
          "afterHooks": [],
          "tests": [
            {
              "title": "Check specific radio buttons",
              "fullTitle": "Verify radio buttons via webdriveruni Check specific radio buttons",
              "timedOut": null,
              "duration": 1077,
              "state": "passed",
              "speed": "fast",
              "pass": true,
              "fail": false,
              "pending": false,
              "context": null,
              "code": "cy.get(\"#radio-buttons\").find('input[type=\"radio\"]').first().check();\ncy.get(\"#radio-buttons\").find('input[type=\"radio\"]').eq(2).check();",
              "err": {},
              "uuid": "e5c20e20-5095-4a5e-b5ff-dab3b5d799a9",
              "parentUUID": "497c191a-fe86-4ba2-aa95-5a21a7c394ac",
              "isHook": false,
              "skipped": false
            },
            {
              "title": "Validate the state of specific radio buttons",
              "fullTitle": "Verify radio buttons via webdriveruni Validate the state of specific radio buttons",
              "timedOut": null,
              "duration": 164,
              "state": "passed",
              "speed": "fast",
              "pass": true,
              "fail": false,
              "pending": false,
              "context": null,
              "code": "cy.get('[value=\"lettuce\"]').should(\"not.be.checked\");\ncy.get('[value=\"pumpkin\"]').should(\"be.checked\");\ncy.get('[value=\"lettuce\"]').check();\ncy.get('[value=\"lettuce\"]').should(\"be.checked\");\ncy.get('[value=\"pumpkin\"]').should(\"not.be.checked\");\ncy.get('[value=\"cabbage\"]').should(\"be.disabled\");",
              "err": {},
              "uuid": "bb877633-09bd-41f0-9921-ee4cb4c9593b",
              "parentUUID": "497c191a-fe86-4ba2-aa95-5a21a7c394ac",
              "isHook": false,
              "skipped": false
            }
          ],
          "suites": [],
          "passes": [
            "e5c20e20-5095-4a5e-b5ff-dab3b5d799a9",
            "bb877633-09bd-41f0-9921-ee4cb4c9593b"
          ],
          "failures": [],
          "pending": [],
          "skipped": [],
          "duration": 1241,
          "root": false,
          "rootEmpty": false,
          "_timeout": 2000
        }
      ],
      "passes": [],
      "failures": [],
      "pending": [],
      "skipped": [],
      "duration": 0,
      "root": true,
      "rootEmpty": true,
      "_timeout": 2000
    },
    {
      "uuid": "b61019a1-1ef3-4e89-8af5-4672c0587e55",
      "title": "",
      "fullFile": "cypress/integration/webdriver-uni/select-dropdown-list.js",
      "file": "cypress/integration/webdriver-uni/select-dropdown-list.js",
      "beforeHooks": [],
      "afterHooks": [],
      "tests": [],
      "suites": [
        {
          "uuid": "7ca97f1d-b4d2-4cf5-897c-c4f05ea62f26",
          "title": "Interact with dropdown list via webdriveruni",
          "fullFile": "",
          "file": "",
          "beforeHooks": [],
          "afterHooks": [],
          "tests": [
            {
              "title": "Select specific values via dropdown list",
              "fullTitle": "Interact with dropdown list via webdriveruni Select specific values via dropdown list",
              "timedOut": null,
              "duration": 1900,
              "state": "passed",
              "speed": "fast",
              "pass": true,
              "fail": false,
              "pending": false,
              "context": null,
              "code": "cy.visit(\"https://webdriveruniversity.com\");\ncy.get(\"#dropdown-checkboxes-radiobuttons\").invoke(\"attr\", \"target\", \"_self\").click({\n  force: true\n});\ncy.get(\"#dropdowm-menu-1\").select(\"c#\");\ncy.get(\"#dropdowm-menu-2\").select(\"testng\").should(\"have.value\", \"testng\");\ncy.get(\"#dropdowm-menu-3\").select(\"jquery\").contains(\"JQuery\");\ncy.get(\"#dropdowm-menu-2\").select(\"maven\").should(\"have.value\", \"maven\");\ncy.get(\"#dropdowm-menu-2\").select(\"TestNG\").contains(\"TestNG\");",
              "err": {},
              "uuid": "75ae51a2-1101-420c-aac7-89a378883fb3",
              "parentUUID": "7ca97f1d-b4d2-4cf5-897c-c4f05ea62f26",
              "isHook": false,
              "skipped": false
            }
          ],
          "suites": [],
          "passes": [
            "75ae51a2-1101-420c-aac7-89a378883fb3"
          ],
          "failures": [],
          "pending": [],
          "skipped": [],
          "duration": 1900,
          "root": false,
          "rootEmpty": false,
          "_timeout": 2000
        }
      ],
      "passes": [],
      "failures": [],
      "pending": [],
      "skipped": [],
      "duration": 0,
      "root": true,
      "rootEmpty": true,
      "_timeout": 2000
    },
    {
      "uuid": "272b95a0-5966-4f44-86bb-733f57cd3e0d",
      "title": "",
      "fullFile": "cypress/integration/webdriver-uni/traversing-elements.js",
      "file": "cypress/integration/webdriver-uni/traversing-elements.js",
      "beforeHooks": [],
      "afterHooks": [],
      "tests": [],
      "suites": [
        {
          "uuid": "2ef8b0d1-d7c4-4da4-9fe4-26ad50f978c5",
          "title": "Traversing DOM elements in Cypress",
          "fullFile": "",
          "file": "",
          "beforeHooks": [],
          "afterHooks": [],
          "tests": [
            {
              "title": "children() to get the children of DOM elements",
              "fullTitle": "Traversing DOM elements in Cypress children() to get the children of DOM elements",
              "timedOut": null,
              "duration": 1067,
              "state": "passed",
              "speed": "fast",
              "pass": true,
              "fail": false,
              "pending": false,
              "context": null,
              "code": "cy.get(\".traversal-breadcrumb\").children(\".active\").should(\"contain\", \"Contact Us\");",
              "err": {},
              "uuid": "07b2d560-f732-47c8-9375-e1fd6218c9c4",
              "parentUUID": "2ef8b0d1-d7c4-4da4-9fe4-26ad50f978c5",
              "isHook": false,
              "skipped": false
            },
            {
              "title": "closest() to validate the closest ancestor DOM element",
              "fullTitle": "Traversing DOM elements in Cypress closest() to validate the closest ancestor DOM element",
              "timedOut": null,
              "duration": 442,
              "state": "passed",
              "speed": "fast",
              "pass": true,
              "fail": false,
              "pending": false,
              "context": null,
              "code": "cy.get(\".traversal-badge\").closest(\"ul\").should(\"have.class\", \"list-group\");",
              "err": {},
              "uuid": "aef41637-957a-49af-9bd9-918a7b019ef0",
              "parentUUID": "2ef8b0d1-d7c4-4da4-9fe4-26ad50f978c5",
              "isHook": false,
              "skipped": false
            },
            {
              "title": "eq() to retrieve a specific element based on index",
              "fullTitle": "Traversing DOM elements in Cypress eq() to retrieve a specific element based on index",
              "timedOut": null,
              "duration": 322,
              "state": "passed",
              "speed": "fast",
              "pass": true,
              "fail": false,
              "pending": false,
              "context": null,
              "code": "cy.get(\".traversal-drinks-list > *\").eq(2).should(\"contain\", \"Milk\");",
              "err": {},
              "uuid": "2ff65198-f015-4d23-bd54-f51c0b4294d8",
              "parentUUID": "2ef8b0d1-d7c4-4da4-9fe4-26ad50f978c5",
              "isHook": false,
              "skipped": false
            },
            {
              "title": "filter() to retrieve DOM elements that match a specific selector",
              "fullTitle": "Traversing DOM elements in Cypress filter() to retrieve DOM elements that match a specific selector",
              "timedOut": null,
              "duration": 344,
              "state": "passed",
              "speed": "fast",
              "pass": true,
              "fail": false,
              "pending": false,
              "context": null,
              "code": "cy.get(\".btn-group-toggle > *\").filter(\".active\").should(\"contain\", \"Button-1\");",
              "err": {},
              "uuid": "34138917-dd9d-4c69-bb8c-547fae3630aa",
              "parentUUID": "2ef8b0d1-d7c4-4da4-9fe4-26ad50f978c5",
              "isHook": false,
              "skipped": false
            },
            {
              "title": "find() to retrieve DOM elements of a given selector",
              "fullTitle": "Traversing DOM elements in Cypress find() to retrieve DOM elements of a given selector",
              "timedOut": null,
              "duration": 385,
              "state": "passed",
              "speed": "fast",
              "pass": true,
              "fail": false,
              "pending": false,
              "context": null,
              "code": "cy.get(\".traversal-pagination\").find(\"li\").find(\"a\").should(\"have.length\", 7);",
              "err": {},
              "uuid": "e3cdccc5-e340-4283-af64-9ca14deea99e",
              "parentUUID": "2ef8b0d1-d7c4-4da4-9fe4-26ad50f978c5",
              "isHook": false,
              "skipped": false
            },
            {
              "title": "first() to retrieve the first DOM element within elements ",
              "fullTitle": "Traversing DOM elements in Cypress first() to retrieve the first DOM element within elements ",
              "timedOut": null,
              "duration": 388,
              "state": "passed",
              "speed": "fast",
              "pass": true,
              "fail": false,
              "pending": false,
              "context": null,
              "code": "cy.get(\".traversal-table > tbody > tr > td\").first().should(\"contain\", \"Andy\");",
              "err": {},
              "uuid": "b055b8a4-6547-474c-8ec4-ca377f51b99c",
              "parentUUID": "2ef8b0d1-d7c4-4da4-9fe4-26ad50f978c5",
              "isHook": false,
              "skipped": false
            },
            {
              "title": "last() to retrieve the last DOM element within elements",
              "fullTitle": "Traversing DOM elements in Cypress last() to retrieve the last DOM element within elements",
              "timedOut": null,
              "duration": 379,
              "state": "passed",
              "speed": "fast",
              "pass": true,
              "fail": false,
              "pending": false,
              "context": null,
              "code": "cy.get(\".traversal-table > tbody > tr > td\").last().should(\"contain\", \"Scott\");",
              "err": {},
              "uuid": "aeb7caee-63e2-44c5-a9a2-06c7e79d9203",
              "parentUUID": "2ef8b0d1-d7c4-4da4-9fe4-26ad50f978c5",
              "isHook": false,
              "skipped": false
            },
            {
              "title": "nextAll() to get all of the next sibling DOM elements within elements",
              "fullTitle": "Traversing DOM elements in Cypress nextAll() to get all of the next sibling DOM elements within elements",
              "timedOut": null,
              "duration": 359,
              "state": "passed",
              "speed": "fast",
              "pass": true,
              "fail": false,
              "pending": false,
              "context": null,
              "code": "cy.get(\".traversal-drinks-list\").contains(\"Tea\").nextAll().should(\"have.length\", \"3\");",
              "err": {},
              "uuid": "0dcd99e1-d1d7-4a56-a65e-461f05e24bdb",
              "parentUUID": "2ef8b0d1-d7c4-4da4-9fe4-26ad50f978c5",
              "isHook": false,
              "skipped": false
            },
            {
              "title": "nextUntil() to get all of the next sibling DOM elements within elements until another element",
              "fullTitle": "Traversing DOM elements in Cypress nextUntil() to get all of the next sibling DOM elements within elements until another element",
              "timedOut": null,
              "duration": 350,
              "state": "passed",
              "speed": "fast",
              "pass": true,
              "fail": false,
              "pending": false,
              "context": null,
              "code": "cy.get(\"#coffee\").nextUntil(\"#sugar\").should(\"contain\", \"Tea\");",
              "err": {},
              "uuid": "d42cfcff-99c7-416f-801b-004eb6068622",
              "parentUUID": "2ef8b0d1-d7c4-4da4-9fe4-26ad50f978c5",
              "isHook": false,
              "skipped": false
            },
            {
              "title": "not() to remove DOM element(s) from the set of elements",
              "fullTitle": "Traversing DOM elements in Cypress not() to remove DOM element(s) from the set of elements",
              "timedOut": null,
              "duration": 340,
              "state": "passed",
              "speed": "fast",
              "pass": true,
              "fail": false,
              "pending": false,
              "context": null,
              "code": "cy.get(\".traversal-button-states > *\").not(\".disabled\").should(\"not.have.class\", \"disabled\");",
              "err": {},
              "uuid": "08c4fec2-7baa-47ba-865a-2920757c0327",
              "parentUUID": "2ef8b0d1-d7c4-4da4-9fe4-26ad50f978c5",
              "isHook": false,
              "skipped": false
            },
            {
              "title": "parent() To get parent DOM element of elements",
              "fullTitle": "Traversing DOM elements in Cypress parent() To get parent DOM element of elements",
              "timedOut": null,
              "duration": 318,
              "state": "passed",
              "speed": "fast",
              "pass": true,
              "fail": false,
              "pending": false,
              "context": null,
              "code": "cy.get(\".traversal-mark\").parent().should(\"contain\", \"Lorem ipsum dolor sit amet, consectetur adipiscing elit,\");",
              "err": {},
              "uuid": "938cfd24-7977-4883-9283-337842eed7db",
              "parentUUID": "2ef8b0d1-d7c4-4da4-9fe4-26ad50f978c5",
              "isHook": false,
              "skipped": false
            },
            {
              "title": "parents() to get parents DOM element of elements",
              "fullTitle": "Traversing DOM elements in Cypress parents() to get parents DOM element of elements",
              "timedOut": null,
              "duration": 330,
              "state": "passed",
              "speed": "fast",
              "pass": true,
              "fail": false,
              "pending": false,
              "context": null,
              "code": "cy.get(\".traversal-cite\").parents(\"blockquote\"); //filter only the blockquote parent",
              "err": {},
              "uuid": "b7c9f6a7-d401-4f8e-97d1-53fc8a9deb04",
              "parentUUID": "2ef8b0d1-d7c4-4da4-9fe4-26ad50f978c5",
              "isHook": false,
              "skipped": false
            },
            {
              "title": "prev() to get the previous sibling DOM element within elements",
              "fullTitle": "Traversing DOM elements in Cypress prev() to get the previous sibling DOM element within elements",
              "timedOut": null,
              "duration": 316,
              "state": "passed",
              "speed": "fast",
              "pass": true,
              "fail": false,
              "pending": false,
              "context": null,
              "code": "cy.get(\"#sugar\").prev().contains(\"Espresso\");",
              "err": {},
              "uuid": "4c3daf16-f4a7-4a49-96b9-b83875847104",
              "parentUUID": "2ef8b0d1-d7c4-4da4-9fe4-26ad50f978c5",
              "isHook": false,
              "skipped": false
            },
            {
              "title": "prevAll() to get all previous sibling DOM elements within elements",
              "fullTitle": "Traversing DOM elements in Cypress prevAll() to get all previous sibling DOM elements within elements",
              "timedOut": null,
              "duration": 347,
              "state": "passed",
              "speed": "fast",
              "pass": true,
              "fail": false,
              "pending": false,
              "context": null,
              "code": "cy.get(\".sales\").prevAll().should(\"have.length\", 2);",
              "err": {},
              "uuid": "8461c3b5-b691-4930-a9cc-dde15755cdd9",
              "parentUUID": "2ef8b0d1-d7c4-4da4-9fe4-26ad50f978c5",
              "isHook": false,
              "skipped": false
            },
            {
              "title": "prevUntil() to get all previous sibling DOM elements within elements until other element",
              "fullTitle": "Traversing DOM elements in Cypress prevUntil() to get all previous sibling DOM elements within elements until other element",
              "timedOut": null,
              "duration": 356,
              "state": "passed",
              "speed": "fast",
              "pass": true,
              "fail": false,
              "pending": false,
              "context": null,
              "code": "cy.get(\".list-header\").prevUntil(\"#fruits\").should(\"have.length\", 5);",
              "err": {},
              "uuid": "7aba59e0-5c7e-4bf2-b656-9b4534032512",
              "parentUUID": "2ef8b0d1-d7c4-4da4-9fe4-26ad50f978c5",
              "isHook": false,
              "skipped": false
            },
            {
              "title": "siblings() To get all sibling DOM elements of elements",
              "fullTitle": "Traversing DOM elements in Cypress siblings() To get all sibling DOM elements of elements",
              "timedOut": null,
              "duration": 330,
              "state": "passed",
              "speed": "fast",
              "pass": true,
              "fail": false,
              "pending": false,
              "context": null,
              "code": "cy.get(\".traversal-button-other-states .active\").siblings().should(\"have.length\", 3);",
              "err": {},
              "uuid": "c30d9b5b-8561-476f-9c55-d6f3f1da8abf",
              "parentUUID": "2ef8b0d1-d7c4-4da4-9fe4-26ad50f978c5",
              "isHook": false,
              "skipped": false
            }
          ],
          "suites": [],
          "passes": [
            "07b2d560-f732-47c8-9375-e1fd6218c9c4",
            "aef41637-957a-49af-9bd9-918a7b019ef0",
            "2ff65198-f015-4d23-bd54-f51c0b4294d8",
            "34138917-dd9d-4c69-bb8c-547fae3630aa",
            "e3cdccc5-e340-4283-af64-9ca14deea99e",
            "b055b8a4-6547-474c-8ec4-ca377f51b99c",
            "aeb7caee-63e2-44c5-a9a2-06c7e79d9203",
            "0dcd99e1-d1d7-4a56-a65e-461f05e24bdb",
            "d42cfcff-99c7-416f-801b-004eb6068622",
            "08c4fec2-7baa-47ba-865a-2920757c0327",
            "938cfd24-7977-4883-9283-337842eed7db",
            "b7c9f6a7-d401-4f8e-97d1-53fc8a9deb04",
            "4c3daf16-f4a7-4a49-96b9-b83875847104",
            "8461c3b5-b691-4930-a9cc-dde15755cdd9",
            "7aba59e0-5c7e-4bf2-b656-9b4534032512",
            "c30d9b5b-8561-476f-9c55-d6f3f1da8abf"
          ],
          "failures": [],
          "pending": [],
          "skipped": [],
          "duration": 6373,
          "root": false,
          "rootEmpty": false,
          "_timeout": 2000
        }
      ],
      "passes": [],
      "failures": [],
      "pending": [],
      "skipped": [],
      "duration": 0,
      "root": true,
      "rootEmpty": true,
      "_timeout": 2000
    },
    {
      "uuid": "8b64affa-feb9-4a2f-a097-8d791a5b1a78",
      "title": "",
      "fullFile": "cypress/integration/automation-test-store/add-multiple-items-to-basket.js",
      "file": "cypress/integration/automation-test-store/add-multiple-items-to-basket.js",
      "beforeHooks": [],
      "afterHooks": [],
      "tests": [],
      "suites": [
        {
          "uuid": "e9aece4c-e700-408f-98e3-ef904d58f716",
          "title": "Add multiple items to basket",
          "fullFile": "",
          "file": "",
          "beforeHooks": [],
          "afterHooks": [],
          "tests": [
            {
              "title": "Add specific items to basket",
              "fullTitle": "Add multiple items to basket Add specific items to basket",
              "timedOut": null,
              "duration": 3695,
              "state": "passed",
              "speed": "fast",
              "pass": true,
              "fail": false,
              "pending": false,
              "context": null,
              "code": "autoStore_HairCare_PO.addHairCareProductToBasket();",
              "err": {},
              "uuid": "67dbdf05-903c-42f7-836d-6d2716eb27b2",
              "parentUUID": "e9aece4c-e700-408f-98e3-ef904d58f716",
              "isHook": false,
              "skipped": false
            }
          ],
          "suites": [],
          "passes": [
            "67dbdf05-903c-42f7-836d-6d2716eb27b2"
          ],
          "failures": [],
          "pending": [],
          "skipped": [],
          "duration": 3695,
          "root": false,
          "rootEmpty": false,
          "_timeout": 2000
        }
      ],
      "passes": [],
      "failures": [],
      "pending": [],
      "skipped": [],
      "duration": 0,
      "root": true,
      "rootEmpty": true,
      "_timeout": 2000
    }
  ],
  "meta": {
    "mocha": {
      "version": "7.0.1"
    },
    "mochawesome": {
      "options": {
        "quiet": false,
        "reportFilename": "mochawesome",
        "saveHtml": false,
        "saveJson": true,
        "consoleReporter": "spec",
        "useInlineDiffs": false,
        "code": true
      },
      "version": "7.1.3"
    },
    "marge": {
      "options": {
        "id": "default",
        "reportDir": "cypress/results/machawesome",
        "quite": true,
        "overwrite": false,
        "html": false,
        "json": true
      },
      "version": "6.2.0"
    }
  }
}