{
  "stats": {
    "suites": 96,
    "tests": 221,
    "passes": 221,
    "pending": 0,
    "failures": 0,
    "start": "2022-06-23T09:56:35.777Z",
    "end": "2022-06-23T10:13:52.170Z",
    "duration": 364045,
    "testsRegistered": 221,
    "passPercent": 100,
    "pendingPercent": 0,
    "other": 0,
    "hasOther": false,
    "skipped": 0,
    "hasSkipped": false
  },
  "results": [
    {
      "uuid": "4e1ad285-3828-4db0-9202-6b333fd38e84",
      "title": "",
      "fullFile": "cypress\\e2e\\api testing\\api-challenge.js",
      "file": "cypress\\e2e\\api testing\\api-challenge.js",
      "beforeHooks": [],
      "afterHooks": [],
      "tests": [],
      "suites": [
        {
          "uuid": "108eecaf-f62d-450d-a404-3aee1513452b",
          "title": "Post, Get, Delete Request",
          "fullFile": "",
          "file": "",
          "beforeHooks": [],
          "afterHooks": [],
          "tests": [
            {
              "title": "Create a new comment",
              "fullTitle": "Post, Get, Delete Request Create a new comment",
              "timedOut": null,
              "duration": 625,
              "state": "passed",
              "speed": "fast",
              "pass": true,
              "fail": false,
              "pending": false,
              "context": null,
              "code": "cy.request({\n  method: \"POST\",\n  url: \"https://jsonplaceholder.typicode.com/posts\",\n  body: {\n    body: randomCommentBody,\n    postId\n  }\n}).then((response) => {\n  expect(response.status).to.eq(201);\n  id = response.body.id;\n});",
              "err": {},
              "uuid": "9263adfd-2313-47d2-ac76-d5329d04eb16",
              "parentUUID": "108eecaf-f62d-450d-a404-3aee1513452b",
              "isHook": false,
              "skipped": false
            },
            {
              "title": "Locate and assert the new comment",
              "fullTitle": "Post, Get, Delete Request Locate and assert the new comment",
              "timedOut": null,
              "duration": 171,
              "state": "passed",
              "speed": "fast",
              "pass": true,
              "fail": false,
              "pending": false,
              "context": null,
              "code": "cy.request({\n  method: \"GET\",\n  url: \"https://jsonplaceholder.typicode.com/posts\"\n}).then((response) => {\n  const lastBodyText = response.body[response.body.length - 1].body;\n  expect(lastBodyText).to.eq(\"cupiditate quo est a modi nesciunt soluta\\nipsa voluptas error itaque dicta in\\nautem qui minus magnam et distinctio eum\\naccusamus ratione error aut\");\n});",
              "err": {},
              "uuid": "867260a1-a1a9-4cd9-ba20-bf10fe3adc78",
              "parentUUID": "108eecaf-f62d-450d-a404-3aee1513452b",
              "isHook": false,
              "skipped": false
            },
            {
              "title": "Delete the last comment",
              "fullTitle": "Post, Get, Delete Request Delete the last comment",
              "timedOut": null,
              "duration": 379,
              "state": "passed",
              "speed": "fast",
              "pass": true,
              "fail": false,
              "pending": false,
              "context": null,
              "code": "cy.request({\n  method: \"DELETE\",\n  url: `https://jsonplaceholder.typicode.com/posts/${id}`\n});",
              "err": {},
              "uuid": "f21870d5-8458-4914-8fa5-f6aabeb12a29",
              "parentUUID": "108eecaf-f62d-450d-a404-3aee1513452b",
              "isHook": false,
              "skipped": false
            }
          ],
          "suites": [],
          "passes": [
            "9263adfd-2313-47d2-ac76-d5329d04eb16",
            "867260a1-a1a9-4cd9-ba20-bf10fe3adc78",
            "f21870d5-8458-4914-8fa5-f6aabeb12a29"
          ],
          "failures": [],
          "pending": [],
          "skipped": [],
          "duration": 1175,
          "root": false,
          "rootEmpty": false,
          "_timeout": 2000
        }
      ],
      "passes": [],
      "failures": [],
      "pending": [],
      "skipped": [],
      "duration": 0,
      "root": true,
      "rootEmpty": true,
      "_timeout": 2000
    },
    {
      "uuid": "05957206-f1ac-4879-bc08-f256102047d8",
      "title": "",
      "fullFile": "cypress\\e2e\\api testing\\delete-request.js",
      "file": "cypress\\e2e\\api testing\\delete-request.js",
      "beforeHooks": [],
      "afterHooks": [],
      "tests": [],
      "suites": [
        {
          "uuid": "090cf1fa-2e01-4bed-8557-2681d2dff0a7",
          "title": "Delete Request",
          "fullFile": "",
          "file": "",
          "beforeHooks": [],
          "afterHooks": [],
          "tests": [
            {
              "title": "Delete a post via /posts api",
              "fullTitle": "Delete Request Delete a post via /posts api",
              "timedOut": null,
              "duration": 347,
              "state": "passed",
              "speed": "fast",
              "pass": true,
              "fail": false,
              "pending": false,
              "context": null,
              "code": "cy.request({\n  method: \"DELETE\",\n  url: \"https://jsonplaceholder.typicode.com/posts/2\"\n}).then((response) => {\n  expect(response.status).to.eq(200);\n});",
              "err": {},
              "uuid": "b636756b-9e6b-4940-a314-23888ac4e09c",
              "parentUUID": "090cf1fa-2e01-4bed-8557-2681d2dff0a7",
              "isHook": false,
              "skipped": false
            }
          ],
          "suites": [],
          "passes": [
            "b636756b-9e6b-4940-a314-23888ac4e09c"
          ],
          "failures": [],
          "pending": [],
          "skipped": [],
          "duration": 347,
          "root": false,
          "rootEmpty": false,
          "_timeout": 2000
        }
      ],
      "passes": [],
      "failures": [],
      "pending": [],
      "skipped": [],
      "duration": 0,
      "root": true,
      "rootEmpty": true,
      "_timeout": 2000
    },
    {
      "uuid": "cb27164c-3ac4-47a7-a811-a806be6e0562",
      "title": "",
      "fullFile": "cypress\\e2e\\api testing\\get-request.js",
      "file": "cypress\\e2e\\api testing\\get-request.js",
      "beforeHooks": [],
      "afterHooks": [],
      "tests": [],
      "suites": [
        {
          "uuid": "42fe12f0-dd1b-4337-8479-f74ba371de84",
          "title": "Get Request",
          "fullFile": "",
          "file": "",
          "beforeHooks": [],
          "afterHooks": [],
          "tests": [
            {
              "title": "Validate status code of the /post api",
              "fullTitle": "Get Request Validate status code of the /post api",
              "timedOut": null,
              "duration": 171,
              "state": "passed",
              "speed": "fast",
              "pass": true,
              "fail": false,
              "pending": false,
              "context": null,
              "code": "result = cy.request({\n  url: \"https://jsonplaceholder.typicode.com/posts\"\n}).its(\"status\").should(\"eq\", 200);",
              "err": {},
              "uuid": "9db3dd17-6a5a-4c9a-bd4c-bf76dafceb10",
              "parentUUID": "42fe12f0-dd1b-4337-8479-f74ba371de84",
              "isHook": false,
              "skipped": false
            },
            {
              "title": "Validate /post api contains the correct keys and values",
              "fullTitle": "Get Request Validate /post api contains the correct keys and values",
              "timedOut": null,
              "duration": 253,
              "state": "passed",
              "speed": "fast",
              "pass": true,
              "fail": false,
              "pending": false,
              "context": null,
              "code": "cy.request({\n  method: \"GET\",\n  url: \"https://jsonplaceholder.typicode.com/posts\",\n  headers: {\n    accept: \"application/json\"\n  }\n}).then((response) => {\n  let body = response.body;\n  expect(body[0]).has.property(\"title\", \"sunt aut facere repellat provident occaecati excepturi optio reprehenderit\");\n  expect(body[1]).property(\"userId\").eq(1);\n  body.forEach((item) => {\n    expect(item).to.have.keys(\"userId\", \"id\", \"title\", \"body\");\n  });\n});",
              "err": {},
              "uuid": "e036b097-bbd0-4556-b93c-8a1e2b9603de",
              "parentUUID": "42fe12f0-dd1b-4337-8479-f74ba371de84",
              "isHook": false,
              "skipped": false
            }
          ],
          "suites": [],
          "passes": [
            "9db3dd17-6a5a-4c9a-bd4c-bf76dafceb10",
            "e036b097-bbd0-4556-b93c-8a1e2b9603de"
          ],
          "failures": [],
          "pending": [],
          "skipped": [],
          "duration": 424,
          "root": false,
          "rootEmpty": false,
          "_timeout": 2000
        }
      ],
      "passes": [],
      "failures": [],
      "pending": [],
      "skipped": [],
      "duration": 0,
      "root": true,
      "rootEmpty": true,
      "_timeout": 2000
    },
    {
      "uuid": "db0db5d0-1d98-4659-b85a-b25f01fd5047",
      "title": "",
      "fullFile": "cypress\\e2e\\api testing\\post-request.js",
      "file": "cypress\\e2e\\api testing\\post-request.js",
      "beforeHooks": [],
      "afterHooks": [],
      "tests": [],
      "suites": [
        {
          "uuid": "cb5a571c-977c-4557-a67c-90f148f0bb73",
          "title": "Post Request",
          "fullFile": "",
          "file": "",
          "beforeHooks": [],
          "afterHooks": [],
          "tests": [
            {
              "title": "Create new post via /post api",
              "fullTitle": "Post Request Create new post via /post api",
              "timedOut": null,
              "duration": 327,
              "state": "passed",
              "speed": "fast",
              "pass": true,
              "fail": false,
              "pending": false,
              "context": null,
              "code": "cy.request({\n  method: \"POST\",\n  url: \"https://jsonplaceholder.typicode.com/posts\",\n  body: {\n    title: randomTitle,\n    author: \"bog\"\n  }\n}).then((response) => {\n  expect(response.status).to.eq(201);\n});",
              "err": {},
              "uuid": "c32c991c-51dc-4d3d-bf99-d1078d29df35",
              "parentUUID": "cb5a571c-977c-4557-a67c-90f148f0bb73",
              "isHook": false,
              "skipped": false
            },
            {
              "title": "Validate title of latest post",
              "fullTitle": "Post Request Validate title of latest post",
              "timedOut": null,
              "duration": 152,
              "state": "passed",
              "speed": "fast",
              "pass": true,
              "fail": false,
              "pending": false,
              "context": null,
              "code": "cy.request({\n  method: \"GET\",\n  url: \"https://jsonplaceholder.typicode.com/posts\"\n}).then((response) => {\n  const lastPost = response.body[response.body.length - 1];\n  console.log(lastPost);\n  expect(lastPost.title).to.eq(\"at nam consequatur ea labore ea harum\");\n});",
              "err": {},
              "uuid": "a80f3234-4292-44cb-a205-827cd6805a0d",
              "parentUUID": "cb5a571c-977c-4557-a67c-90f148f0bb73",
              "isHook": false,
              "skipped": false
            }
          ],
          "suites": [],
          "passes": [
            "c32c991c-51dc-4d3d-bf99-d1078d29df35",
            "a80f3234-4292-44cb-a205-827cd6805a0d"
          ],
          "failures": [],
          "pending": [],
          "skipped": [],
          "duration": 479,
          "root": false,
          "rootEmpty": false,
          "_timeout": 2000
        }
      ],
      "passes": [],
      "failures": [],
      "pending": [],
      "skipped": [],
      "duration": 0,
      "root": true,
      "rootEmpty": true,
      "_timeout": 2000
    },
    {
      "uuid": "ea2563a5-4c00-451d-ae7c-09cef4c31642",
      "title": "",
      "fullFile": "cypress\\e2e\\api testing\\update-request.js",
      "file": "cypress\\e2e\\api testing\\update-request.js",
      "beforeHooks": [],
      "afterHooks": [],
      "tests": [],
      "suites": [
        {
          "uuid": "83dc6bbe-9c73-4fee-a36e-6293fbbddd0d",
          "title": "Update Request",
          "fullFile": "",
          "file": "",
          "beforeHooks": [],
          "afterHooks": [],
          "tests": [
            {
              "title": "Update an existing post via /post api",
              "fullTitle": "Update Request Update an existing post via /post api",
              "timedOut": null,
              "duration": 362,
              "state": "passed",
              "speed": "fast",
              "pass": true,
              "fail": false,
              "pending": false,
              "context": null,
              "code": "cy.request({\n  method: \"PUT\",\n  url: \"https://jsonplaceholder.typicode.com/posts/2\",\n  body: {\n    title: \"Where is your plane?\",\n    author: \"Johny\"\n  }\n}).then((response) => {\n  expect(response.status).to.eq(200);\n});",
              "err": {},
              "uuid": "5090d359-b8fd-4eeb-8862-7c1089177fdf",
              "parentUUID": "83dc6bbe-9c73-4fee-a36e-6293fbbddd0d",
              "isHook": false,
              "skipped": false
            }
          ],
          "suites": [],
          "passes": [
            "5090d359-b8fd-4eeb-8862-7c1089177fdf"
          ],
          "failures": [],
          "pending": [],
          "skipped": [],
          "duration": 362,
          "root": false,
          "rootEmpty": false,
          "_timeout": 2000
        }
      ],
      "passes": [],
      "failures": [],
      "pending": [],
      "skipped": [],
      "duration": 0,
      "root": true,
      "rootEmpty": true,
      "_timeout": 2000
    },
    {
      "uuid": "9a2bb6e7-29cd-421c-b921-c72a8123f1ba",
      "title": "",
      "fullFile": "cypress\\e2e\\automation-test-store\\alias-invoke.js",
      "file": "cypress\\e2e\\automation-test-store\\alias-invoke.js",
      "beforeHooks": [],
      "afterHooks": [],
      "tests": [],
      "suites": [
        {
          "uuid": "fffae4d4-c63a-49de-b04e-c2350170ab0a",
          "title": "Alias and invoke tutorial",
          "fullFile": "",
          "file": "",
          "beforeHooks": [],
          "afterHooks": [],
          "tests": [
            {
              "title": "Calculate total of normal and sale products",
              "fullTitle": "Alias and invoke tutorial Calculate total of normal and sale products",
              "timedOut": null,
              "duration": 2663,
              "state": "passed",
              "speed": "fast",
              "pass": true,
              "fail": false,
              "pending": false,
              "context": null,
              "code": "cy.visit(\"https://automationteststore.com/\");\ncy.get(\".thumbnail\").as(\"productThumbnail\");\ncy.get(\"@productThumbnail\").find(\".oneprice\").invoke(\"text\").as(\"itemPrice\");\ncy.get(\"@productThumbnail\").find(\".pricenew\").invoke(\"text\").as(\"saleitemPrice\");\nlet totalProductsValue = 0;\ncy.get(\"@itemPrice\").then((priceText) => {\n  let nonSale = 0;\n  let priceNumber = priceText.split(\"$\").forEach((el) => {\n    nonSale += Number(el);\n  });\n  totalProductsValue = nonSale;\n  console.log(nonSale);\n});\ncy.get(\"@saleitemPrice\").then((priceText) => {\n  let isonSale = 0;\n  let priceNumber = priceText.split(\"$\").forEach((el) => {\n    isonSale += Number(el);\n  });\n  totalProductsValue += isonSale;\n  console.log(isonSale);\n}).then(() => {\n  cy.log(\"Total price of all products is: \", totalProductsValue);\n  expect(totalProductsValue).to.equal(648.5);\n});",
              "err": {},
              "uuid": "fabfbbb3-0186-4a9f-be91-6fdb7e3d8712",
              "parentUUID": "fffae4d4-c63a-49de-b04e-c2350170ab0a",
              "isHook": false,
              "skipped": false
            }
          ],
          "suites": [],
          "passes": [
            "fabfbbb3-0186-4a9f-be91-6fdb7e3d8712"
          ],
          "failures": [],
          "pending": [],
          "skipped": [],
          "duration": 2663,
          "root": false,
          "rootEmpty": false,
          "_timeout": 2000
        }
      ],
      "passes": [],
      "failures": [],
      "pending": [],
      "skipped": [],
      "duration": 0,
      "root": true,
      "rootEmpty": true,
      "_timeout": 2000
    },
    {
      "uuid": "ec8e868b-3eac-4255-85a9-d63790d5963b",
      "title": "",
      "fullFile": "cypress\\e2e\\automation-test-store\\contact-us.js",
      "file": "cypress\\e2e\\automation-test-store\\contact-us.js",
      "beforeHooks": [],
      "afterHooks": [],
      "tests": [],
      "suites": [
        {
          "uuid": "2aee68e5-33dc-40bc-b1c4-7a70c89548e5",
          "title": "Test Contact-Us form via Automation Test Store",
          "fullFile": "",
          "file": "",
          "beforeHooks": [],
          "afterHooks": [],
          "tests": [
            {
              "title": "Should be able to submit a succesful submission via the contacts us form",
              "fullTitle": "Test Contact-Us form via Automation Test Store Should be able to submit a succesful submission via the contacts us form",
              "timedOut": null,
              "duration": 5169,
              "state": "passed",
              "speed": "medium",
              "pass": true,
              "fail": false,
              "pending": false,
              "context": null,
              "code": "cy.get(\"#footer > footer > section.footerlinks > div > div.pull-left > div > ul > li:nth-child(5) > a\").click().then((item) => {\n  cy.log(item.text());\n});\ncy.get(\"@user\").then((user) => {\n  cy.get(\"#ContactUsFrm_first_name\").type(user.first_name);\n  cy.get(\"#ContactUsFrm_email\").type(user.email);\n});\ncy.get(\"#ContactUsFrm_email\").should(\"have.attr\", \"name\", \"email\");\ncy.get(\"#ContactUsFrm_enquiry\").type(\"Can you provide some discount to nice consumers?\");\ncy.get(\".col-md-6 > .btn\").click();\ncy.get(\".mb40 > :nth-child(3)\").should(\"have.text\", \"Your enquiry has been successfully sent to the store owner!\");",
              "err": {},
              "uuid": "c8eb7cef-9a36-479c-a40b-585e7f40bf98",
              "parentUUID": "2aee68e5-33dc-40bc-b1c4-7a70c89548e5",
              "isHook": false,
              "skipped": false
            }
          ],
          "suites": [],
          "passes": [
            "c8eb7cef-9a36-479c-a40b-585e7f40bf98"
          ],
          "failures": [],
          "pending": [],
          "skipped": [],
          "duration": 5169,
          "root": false,
          "rootEmpty": false,
          "_timeout": 2000
        }
      ],
      "passes": [],
      "failures": [],
      "pending": [],
      "skipped": [],
      "duration": 0,
      "root": true,
      "rootEmpty": true,
      "_timeout": 2000
    },
    {
      "uuid": "cc4eb256-a1ee-4530-9618-996c29e75f7e",
      "title": "",
      "fullFile": "cypress\\e2e\\automation-test-store\\inspect-item.js",
      "file": "cypress\\e2e\\automation-test-store\\inspect-item.js",
      "beforeHooks": [],
      "afterHooks": [],
      "tests": [],
      "suites": [
        {
          "uuid": "acee3f0b-4496-45ac-9c17-50499fbef5f8",
          "title": "Insepct Automation Test Store using chain of commands",
          "fullFile": "",
          "file": "",
          "beforeHooks": [],
          "afterHooks": [],
          "tests": [
            {
              "title": "Click on the first item using item header",
              "fullTitle": "Insepct Automation Test Store using chain of commands Click on the first item using item header",
              "timedOut": null,
              "duration": 2063,
              "state": "passed",
              "speed": "fast",
              "pass": true,
              "fail": false,
              "pending": false,
              "context": null,
              "code": "cy.visit(\"https://automationteststore.com/\");\ncy.get(\".prdocutname\").contains(\"Skinsheen Bronzer Stick\").click();",
              "err": {},
              "uuid": "c26bf98b-808e-46c2-8ada-26d69651629f",
              "parentUUID": "acee3f0b-4496-45ac-9c17-50499fbef5f8",
              "isHook": false,
              "skipped": false
            },
            {
              "title": "Click on the first item using text",
              "fullTitle": "Insepct Automation Test Store using chain of commands Click on the first item using text",
              "timedOut": null,
              "duration": 1490,
              "state": "passed",
              "speed": "fast",
              "pass": true,
              "fail": false,
              "pending": false,
              "context": null,
              "code": "cy.visit(\"https://automationteststore.com/\");\ncy.get(\".prdocutname\").contains(\"Skinsheen Bronzer Stick\").click().then((itemText) => {\n  console.log(\"The following item is selected \", itemText.text());\n});",
              "err": {},
              "uuid": "b8cb41b4-3a42-4382-b496-252b479a9bfd",
              "parentUUID": "acee3f0b-4496-45ac-9c17-50499fbef5f8",
              "isHook": false,
              "skipped": false
            },
            {
              "title": "Click on the first item using index",
              "fullTitle": "Insepct Automation Test Store using chain of commands Click on the first item using index",
              "timedOut": null,
              "duration": 706,
              "state": "passed",
              "speed": "fast",
              "pass": true,
              "fail": false,
              "pending": false,
              "context": null,
              "code": "cy.visit(\"https://automationteststore.com/\");\ncy.get(\".fixed_wrapper\").find(\".prdocutname\").eq(0);",
              "err": {},
              "uuid": "6ecf1995-a762-4811-8fd4-61a19fbfd26b",
              "parentUUID": "acee3f0b-4496-45ac-9c17-50499fbef5f8",
              "isHook": false,
              "skipped": false
            }
          ],
          "suites": [],
          "passes": [
            "c26bf98b-808e-46c2-8ada-26d69651629f",
            "b8cb41b4-3a42-4382-b496-252b479a9bfd",
            "6ecf1995-a762-4811-8fd4-61a19fbfd26b"
          ],
          "failures": [],
          "pending": [],
          "skipped": [],
          "duration": 4259,
          "root": false,
          "rootEmpty": false,
          "_timeout": 2000
        }
      ],
      "passes": [],
      "failures": [],
      "pending": [],
      "skipped": [],
      "duration": 0,
      "root": true,
      "rootEmpty": true,
      "_timeout": 2000
    },
    {
      "uuid": "a91ec81b-0ef7-4680-a321-e70274384285",
      "title": "",
      "fullFile": "cypress\\e2e\\automation-test-store\\iterate-over-elements.js",
      "file": "cypress\\e2e\\automation-test-store\\iterate-over-elements.js",
      "beforeHooks": [],
      "afterHooks": [],
      "tests": [],
      "suites": [
        {
          "uuid": "3116327c-b9e9-4e52-a7d1-8f55e6d6aa3d",
          "title": "Iterate over element",
          "fullFile": "",
          "file": "",
          "beforeHooks": [],
          "afterHooks": [],
          "tests": [
            {
              "title": "Log information of all Hair care product",
              "fullTitle": "Iterate over element Log information of all Hair care product",
              "timedOut": null,
              "duration": 2799,
              "state": "passed",
              "speed": "fast",
              "pass": true,
              "fail": false,
              "pending": false,
              "context": null,
              "code": "cy.get(\".fixed_wrapper .prdocutname\").each((el, index, list) => {\n  cy.log(index, \" : \", el.text());\n});",
              "err": {},
              "uuid": "f17094e1-758f-4a4e-b54f-af205e9fe1cd",
              "parentUUID": "3116327c-b9e9-4e52-a7d1-8f55e6d6aa3d",
              "isHook": false,
              "skipped": false
            },
            {
              "title": "Add specific product to basket",
              "fullTitle": "Iterate over element Add specific product to basket",
              "timedOut": null,
              "duration": 1250,
              "state": "passed",
              "speed": "fast",
              "pass": true,
              "fail": false,
              "pending": false,
              "context": null,
              "code": "cy.selectProduct(\"Eau Parfumee au The Vert Shampoo\");",
              "err": {},
              "uuid": "85513e6e-9a2a-4b76-8ee2-0397bafa3290",
              "parentUUID": "3116327c-b9e9-4e52-a7d1-8f55e6d6aa3d",
              "isHook": false,
              "skipped": false
            },
            {
              "title": "Add another specific product to basket",
              "fullTitle": "Iterate over element Add another specific product to basket",
              "timedOut": null,
              "duration": 1405,
              "state": "passed",
              "speed": "fast",
              "pass": true,
              "fail": false,
              "pending": false,
              "context": null,
              "code": "cy.selectProduct(\"Seaweed Conditioner\");",
              "err": {},
              "uuid": "61102698-33cd-438a-897d-2e2894530600",
              "parentUUID": "3116327c-b9e9-4e52-a7d1-8f55e6d6aa3d",
              "isHook": false,
              "skipped": false
            },
            {
              "title": "Add one more product to basket",
              "fullTitle": "Iterate over element Add one more product to basket",
              "timedOut": null,
              "duration": 1426,
              "state": "passed",
              "speed": "fast",
              "pass": true,
              "fail": false,
              "pending": false,
              "context": null,
              "code": "cy.selectProduct(\"Eau Parfumee au The Vert Shampoo\");",
              "err": {},
              "uuid": "153f4376-07b6-42b0-bb6c-db5cc3a355b2",
              "parentUUID": "3116327c-b9e9-4e52-a7d1-8f55e6d6aa3d",
              "isHook": false,
              "skipped": false
            }
          ],
          "suites": [],
          "passes": [
            "f17094e1-758f-4a4e-b54f-af205e9fe1cd",
            "85513e6e-9a2a-4b76-8ee2-0397bafa3290",
            "61102698-33cd-438a-897d-2e2894530600",
            "153f4376-07b6-42b0-bb6c-db5cc3a355b2"
          ],
          "failures": [],
          "pending": [],
          "skipped": [],
          "duration": 6880,
          "root": false,
          "rootEmpty": false,
          "_timeout": 2000
        }
      ],
      "passes": [],
      "failures": [],
      "pending": [],
      "skipped": [],
      "duration": 0,
      "root": true,
      "rootEmpty": true,
      "_timeout": 2000
    },
    {
      "uuid": "461fea3d-f5eb-458c-9005-6a547365b2b3",
      "title": "",
      "fullFile": "cypress\\e2e\\automation-test-store\\variables-and-cy-commands.js",
      "file": "cypress\\e2e\\automation-test-store\\variables-and-cy-commands.js",
      "beforeHooks": [],
      "afterHooks": [],
      "tests": [],
      "suites": [
        {
          "uuid": "e49a8275-7788-494f-b856-9ee5be58fab9",
          "title": "Verifying variables, cypress commands and jQuery commands",
          "fullFile": "",
          "file": "",
          "beforeHooks": [],
          "afterHooks": [],
          "tests": [
            {
              "title": "Validate properties of the Contact Us page",
              "fullTitle": "Verifying variables, cypress commands and jQuery commands Validate properties of the Contact Us page",
              "timedOut": null,
              "duration": 1604,
              "state": "passed",
              "speed": "fast",
              "pass": true,
              "fail": false,
              "pending": false,
              "context": null,
              "code": "cy.visit(\"https://automationteststore.com/index.php?rt=content/contact\");\ncy.contains(\"#ContactUsFrm\", \"Contact Us Form\").find(\"#field_11\").should(\"contain\", \"First name\");\ncy.contains(\"#ContactUsFrm\", \"Contact Us Form\").then((divText) => {\n  const firstNameText = divText.find(\"#field_11\").text();\n  expect(firstNameText).to.contain(\"First name\");\n  cy.get(\"#field_11\").then((fnText) => {\n    cy.log(fnText.text());\n  });\n});",
              "err": {},
              "uuid": "71e220f4-a334-4ed5-bf6a-6774c654790e",
              "parentUUID": "e49a8275-7788-494f-b856-9ee5be58fab9",
              "isHook": false,
              "skipped": false
            }
          ],
          "suites": [],
          "passes": [
            "71e220f4-a334-4ed5-bf6a-6774c654790e"
          ],
          "failures": [],
          "pending": [],
          "skipped": [],
          "duration": 1604,
          "root": false,
          "rootEmpty": false,
          "_timeout": 2000
        }
      ],
      "passes": [],
      "failures": [],
      "pending": [],
      "skipped": [],
      "duration": 0,
      "root": true,
      "rootEmpty": true,
      "_timeout": 2000
    },
    {
      "uuid": "317d89ee-62d0-4ace-88a0-e360131ac85f",
      "title": "",
      "fullFile": "cypress\\e2e\\features\\Login.feature",
      "file": "cypress\\e2e\\features\\Login.feature",
      "beforeHooks": [],
      "afterHooks": [],
      "tests": [],
      "suites": [
        {
          "uuid": "3cbe98af-b310-406d-9c71-404e5beabee4",
          "title": "WebdriverUniversity Login Page",
          "fullFile": "",
          "file": "",
          "beforeHooks": [],
          "afterHooks": [],
          "tests": [
            {
              "title": "Login using valid credentials",
              "fullTitle": "WebdriverUniversity Login Page Login using valid credentials",
              "timedOut": null,
              "duration": 2817,
              "state": "passed",
              "speed": "fast",
              "pass": true,
              "fail": false,
              "pending": false,
              "context": null,
              "code": "var _a2, _b, _c, _d, _e;\nconst { remainingSteps, testCaseStartedId } = retrieveInternalProperties();\n(0, registry_1.assignRegistry)(registry2);\nmessages.stack.push({\n  testCaseStarted: {\n    id: testCaseStartedId,\n    testCaseId,\n    attempt: attempt++,\n    timestamp: createTimestamp()\n  }\n});\nwindow.testState = {\n  gherkinDocument,\n  pickles,\n  pickle\n};\nfor (const step of steps) {\n  if (step.hook) {\n    const hook = step.hook;\n    cy.then(() => {\n      Cypress.log({\n        name: \"step\",\n        displayName: hook.keyword,\n        message: \"\"\n      });\n      const start = createTimestamp();\n      messages.stack.push({\n        testStepStarted: {\n          testStepId: hook.id,\n          testCaseStartedId,\n          timestamp: start\n        }\n      });\n      if (messages.enabled) {\n        cy.task(constants_1.TASK_TEST_STEP_STARTED, hook.id, { log: false });\n      }\n      return cy.wrap(start, { log: false });\n    }).then((start) => {\n      registry2.runHook(this, hook);\n      return cy.wrap(start, { log: false });\n    }).then((start) => {\n      const end = createTimestamp();\n      messages.stack.push({\n        testStepFinished: {\n          testStepId: hook.id,\n          testCaseStartedId,\n          testStepResult: {\n            status: Status.Passed,\n            duration: duration(start, end)\n          },\n          timestamp: end\n        }\n      });\n      remainingSteps.shift();\n    });\n  } else if (step.pickleStep) {\n    const pickleStep = step.pickleStep;\n    const text = (0, assertions_1.assertAndReturn)(pickleStep.text, \"Expected pickle step to have a text\");\n    const scenarioStep = (0, assertions_1.assertAndReturn)(astIdMap.get((0, assertions_1.assertAndReturn)((_a2 = pickleStep.astNodeIds) === null || _a2 === void 0 ? void 0 : _a2[0], \"Expected to find at least one astNodeId\")), `Expected to find scenario step associated with id = ${(_b = pickleStep.astNodeIds) === null || _b === void 0 ? void 0 : _b[0]}`);\n    cy.then(() => {\n      Cypress.log({\n        name: \"step\",\n        displayName: (0, assertions_1.assertAndReturn)(\"keyword\" in scenarioStep && scenarioStep.keyword, \"Expected to find a keyword in the scenario step\"),\n        message: text\n      });\n    });\n    const argument = ((_c = pickleStep.argument) === null || _c === void 0 ? void 0 : _c.dataTable) ? new data_table_1.default(pickleStep.argument.dataTable) : ((_e = (_d = pickleStep.argument) === null || _d === void 0 ? void 0 : _d.docString) === null || _e === void 0 ? void 0 : _e.content) ? pickleStep.argument.docString.content : void 0;\n    cy.then(() => {\n      internalProperties.currentStep = { pickleStep };\n      const start = createTimestamp();\n      messages.stack.push({\n        testStepStarted: {\n          testStepId: pickleStep.id,\n          testCaseStartedId,\n          timestamp: start\n        }\n      });\n      if (messages.enabled) {\n        cy.task(constants_1.TASK_TEST_STEP_STARTED, pickleStep.id, { log: false });\n      }\n      return cy.wrap(start, { log: false });\n    }).then((start) => {\n      const ensureChain = (value) => Cypress.isCy(value) ? value : cy.wrap(value, { log: false });\n      return ensureChain(registry2.runStepDefininition(this, text, argument)).then((result) => {\n        return {\n          start,\n          result\n        };\n      });\n    }).then(({ start, result }) => {\n      var _a3, _b2, _c2;\n      const end = createTimestamp();\n      if (result === \"pending\") {\n        messages.stack.push({\n          testStepFinished: {\n            testStepId: pickleStep.id,\n            testCaseStartedId,\n            testStepResult: {\n              status: Status.Pending,\n              duration: duration(start, end)\n            },\n            timestamp: end\n          }\n        });\n        remainingSteps.shift();\n        for (const skippedStep of remainingSteps) {\n          const testStepId = (0, assertions_1.assertAndReturn)((_b2 = (_a3 = skippedStep.hook) === null || _a3 === void 0 ? void 0 : _a3.id) !== null && _b2 !== void 0 ? _b2 : (_c2 = skippedStep.pickleStep) === null || _c2 === void 0 ? void 0 : _c2.id, \"Expected a step to either be a hook or a pickleStep\");\n          messages.stack.push({\n            testStepStarted: {\n              testStepId,\n              testCaseStartedId\n            }\n          });\n          messages.stack.push({\n            testStepFinished: {\n              testStepId,\n              testCaseStartedId,\n              testStepResult: {\n                status: Status.Skipped\n              }\n            }\n          });\n        }\n        for (let i = 0, count = remainingSteps.length; i < count; i++) {\n          remainingSteps.pop();\n        }\n        this.skip();\n      } else {\n        messages.stack.push({\n          testStepFinished: {\n            testStepId: pickleStep.id,\n            testCaseStartedId,\n            testStepResult: {\n              status: Status.Passed,\n              duration: duration(start, end)\n            },\n            timestamp: end\n          }\n        });\n        remainingSteps.shift();\n      }\n    });\n  }\n}",
              "err": {},
              "uuid": "f2945492-a980-49e7-852a-719eae6280d6",
              "parentUUID": "3cbe98af-b310-406d-9c71-404e5beabee4",
              "isHook": false,
              "skipped": false
            },
            {
              "title": "Login using invalid credentials(password)",
              "fullTitle": "WebdriverUniversity Login Page Login using invalid credentials(password)",
              "timedOut": null,
              "duration": 883,
              "state": "passed",
              "speed": "fast",
              "pass": true,
              "fail": false,
              "pending": false,
              "context": null,
              "code": "var _a2, _b, _c, _d, _e;\nconst { remainingSteps, testCaseStartedId } = retrieveInternalProperties();\n(0, registry_1.assignRegistry)(registry2);\nmessages.stack.push({\n  testCaseStarted: {\n    id: testCaseStartedId,\n    testCaseId,\n    attempt: attempt++,\n    timestamp: createTimestamp()\n  }\n});\nwindow.testState = {\n  gherkinDocument,\n  pickles,\n  pickle\n};\nfor (const step of steps) {\n  if (step.hook) {\n    const hook = step.hook;\n    cy.then(() => {\n      Cypress.log({\n        name: \"step\",\n        displayName: hook.keyword,\n        message: \"\"\n      });\n      const start = createTimestamp();\n      messages.stack.push({\n        testStepStarted: {\n          testStepId: hook.id,\n          testCaseStartedId,\n          timestamp: start\n        }\n      });\n      if (messages.enabled) {\n        cy.task(constants_1.TASK_TEST_STEP_STARTED, hook.id, { log: false });\n      }\n      return cy.wrap(start, { log: false });\n    }).then((start) => {\n      registry2.runHook(this, hook);\n      return cy.wrap(start, { log: false });\n    }).then((start) => {\n      const end = createTimestamp();\n      messages.stack.push({\n        testStepFinished: {\n          testStepId: hook.id,\n          testCaseStartedId,\n          testStepResult: {\n            status: Status.Passed,\n            duration: duration(start, end)\n          },\n          timestamp: end\n        }\n      });\n      remainingSteps.shift();\n    });\n  } else if (step.pickleStep) {\n    const pickleStep = step.pickleStep;\n    const text = (0, assertions_1.assertAndReturn)(pickleStep.text, \"Expected pickle step to have a text\");\n    const scenarioStep = (0, assertions_1.assertAndReturn)(astIdMap.get((0, assertions_1.assertAndReturn)((_a2 = pickleStep.astNodeIds) === null || _a2 === void 0 ? void 0 : _a2[0], \"Expected to find at least one astNodeId\")), `Expected to find scenario step associated with id = ${(_b = pickleStep.astNodeIds) === null || _b === void 0 ? void 0 : _b[0]}`);\n    cy.then(() => {\n      Cypress.log({\n        name: \"step\",\n        displayName: (0, assertions_1.assertAndReturn)(\"keyword\" in scenarioStep && scenarioStep.keyword, \"Expected to find a keyword in the scenario step\"),\n        message: text\n      });\n    });\n    const argument = ((_c = pickleStep.argument) === null || _c === void 0 ? void 0 : _c.dataTable) ? new data_table_1.default(pickleStep.argument.dataTable) : ((_e = (_d = pickleStep.argument) === null || _d === void 0 ? void 0 : _d.docString) === null || _e === void 0 ? void 0 : _e.content) ? pickleStep.argument.docString.content : void 0;\n    cy.then(() => {\n      internalProperties.currentStep = { pickleStep };\n      const start = createTimestamp();\n      messages.stack.push({\n        testStepStarted: {\n          testStepId: pickleStep.id,\n          testCaseStartedId,\n          timestamp: start\n        }\n      });\n      if (messages.enabled) {\n        cy.task(constants_1.TASK_TEST_STEP_STARTED, pickleStep.id, { log: false });\n      }\n      return cy.wrap(start, { log: false });\n    }).then((start) => {\n      const ensureChain = (value) => Cypress.isCy(value) ? value : cy.wrap(value, { log: false });\n      return ensureChain(registry2.runStepDefininition(this, text, argument)).then((result) => {\n        return {\n          start,\n          result\n        };\n      });\n    }).then(({ start, result }) => {\n      var _a3, _b2, _c2;\n      const end = createTimestamp();\n      if (result === \"pending\") {\n        messages.stack.push({\n          testStepFinished: {\n            testStepId: pickleStep.id,\n            testCaseStartedId,\n            testStepResult: {\n              status: Status.Pending,\n              duration: duration(start, end)\n            },\n            timestamp: end\n          }\n        });\n        remainingSteps.shift();\n        for (const skippedStep of remainingSteps) {\n          const testStepId = (0, assertions_1.assertAndReturn)((_b2 = (_a3 = skippedStep.hook) === null || _a3 === void 0 ? void 0 : _a3.id) !== null && _b2 !== void 0 ? _b2 : (_c2 = skippedStep.pickleStep) === null || _c2 === void 0 ? void 0 : _c2.id, \"Expected a step to either be a hook or a pickleStep\");\n          messages.stack.push({\n            testStepStarted: {\n              testStepId,\n              testCaseStartedId\n            }\n          });\n          messages.stack.push({\n            testStepFinished: {\n              testStepId,\n              testCaseStartedId,\n              testStepResult: {\n                status: Status.Skipped\n              }\n            }\n          });\n        }\n        for (let i = 0, count = remainingSteps.length; i < count; i++) {\n          remainingSteps.pop();\n        }\n        this.skip();\n      } else {\n        messages.stack.push({\n          testStepFinished: {\n            testStepId: pickleStep.id,\n            testCaseStartedId,\n            testStepResult: {\n              status: Status.Passed,\n              duration: duration(start, end)\n            },\n            timestamp: end\n          }\n        });\n        remainingSteps.shift();\n      }\n    });\n  }\n}",
              "err": {},
              "uuid": "b062c75a-76b1-40e8-b08a-9eb8c4f9060c",
              "parentUUID": "3cbe98af-b310-406d-9c71-404e5beabee4",
              "isHook": false,
              "skipped": false
            },
            {
              "title": "Test Login via Webdriveruniversity Login Portal (example #1)",
              "fullTitle": "WebdriverUniversity Login Page Test Login via Webdriveruniversity Login Portal (example #1)",
              "timedOut": null,
              "duration": 881,
              "state": "passed",
              "speed": "fast",
              "pass": true,
              "fail": false,
              "pending": false,
              "context": null,
              "code": "var _a2, _b, _c, _d, _e;\nconst { remainingSteps, testCaseStartedId } = retrieveInternalProperties();\n(0, registry_1.assignRegistry)(registry2);\nmessages.stack.push({\n  testCaseStarted: {\n    id: testCaseStartedId,\n    testCaseId,\n    attempt: attempt++,\n    timestamp: createTimestamp()\n  }\n});\nwindow.testState = {\n  gherkinDocument,\n  pickles,\n  pickle\n};\nfor (const step of steps) {\n  if (step.hook) {\n    const hook = step.hook;\n    cy.then(() => {\n      Cypress.log({\n        name: \"step\",\n        displayName: hook.keyword,\n        message: \"\"\n      });\n      const start = createTimestamp();\n      messages.stack.push({\n        testStepStarted: {\n          testStepId: hook.id,\n          testCaseStartedId,\n          timestamp: start\n        }\n      });\n      if (messages.enabled) {\n        cy.task(constants_1.TASK_TEST_STEP_STARTED, hook.id, { log: false });\n      }\n      return cy.wrap(start, { log: false });\n    }).then((start) => {\n      registry2.runHook(this, hook);\n      return cy.wrap(start, { log: false });\n    }).then((start) => {\n      const end = createTimestamp();\n      messages.stack.push({\n        testStepFinished: {\n          testStepId: hook.id,\n          testCaseStartedId,\n          testStepResult: {\n            status: Status.Passed,\n            duration: duration(start, end)\n          },\n          timestamp: end\n        }\n      });\n      remainingSteps.shift();\n    });\n  } else if (step.pickleStep) {\n    const pickleStep = step.pickleStep;\n    const text = (0, assertions_1.assertAndReturn)(pickleStep.text, \"Expected pickle step to have a text\");\n    const scenarioStep = (0, assertions_1.assertAndReturn)(astIdMap.get((0, assertions_1.assertAndReturn)((_a2 = pickleStep.astNodeIds) === null || _a2 === void 0 ? void 0 : _a2[0], \"Expected to find at least one astNodeId\")), `Expected to find scenario step associated with id = ${(_b = pickleStep.astNodeIds) === null || _b === void 0 ? void 0 : _b[0]}`);\n    cy.then(() => {\n      Cypress.log({\n        name: \"step\",\n        displayName: (0, assertions_1.assertAndReturn)(\"keyword\" in scenarioStep && scenarioStep.keyword, \"Expected to find a keyword in the scenario step\"),\n        message: text\n      });\n    });\n    const argument = ((_c = pickleStep.argument) === null || _c === void 0 ? void 0 : _c.dataTable) ? new data_table_1.default(pickleStep.argument.dataTable) : ((_e = (_d = pickleStep.argument) === null || _d === void 0 ? void 0 : _d.docString) === null || _e === void 0 ? void 0 : _e.content) ? pickleStep.argument.docString.content : void 0;\n    cy.then(() => {\n      internalProperties.currentStep = { pickleStep };\n      const start = createTimestamp();\n      messages.stack.push({\n        testStepStarted: {\n          testStepId: pickleStep.id,\n          testCaseStartedId,\n          timestamp: start\n        }\n      });\n      if (messages.enabled) {\n        cy.task(constants_1.TASK_TEST_STEP_STARTED, pickleStep.id, { log: false });\n      }\n      return cy.wrap(start, { log: false });\n    }).then((start) => {\n      const ensureChain = (value) => Cypress.isCy(value) ? value : cy.wrap(value, { log: false });\n      return ensureChain(registry2.runStepDefininition(this, text, argument)).then((result) => {\n        return {\n          start,\n          result\n        };\n      });\n    }).then(({ start, result }) => {\n      var _a3, _b2, _c2;\n      const end = createTimestamp();\n      if (result === \"pending\") {\n        messages.stack.push({\n          testStepFinished: {\n            testStepId: pickleStep.id,\n            testCaseStartedId,\n            testStepResult: {\n              status: Status.Pending,\n              duration: duration(start, end)\n            },\n            timestamp: end\n          }\n        });\n        remainingSteps.shift();\n        for (const skippedStep of remainingSteps) {\n          const testStepId = (0, assertions_1.assertAndReturn)((_b2 = (_a3 = skippedStep.hook) === null || _a3 === void 0 ? void 0 : _a3.id) !== null && _b2 !== void 0 ? _b2 : (_c2 = skippedStep.pickleStep) === null || _c2 === void 0 ? void 0 : _c2.id, \"Expected a step to either be a hook or a pickleStep\");\n          messages.stack.push({\n            testStepStarted: {\n              testStepId,\n              testCaseStartedId\n            }\n          });\n          messages.stack.push({\n            testStepFinished: {\n              testStepId,\n              testCaseStartedId,\n              testStepResult: {\n                status: Status.Skipped\n              }\n            }\n          });\n        }\n        for (let i = 0, count = remainingSteps.length; i < count; i++) {\n          remainingSteps.pop();\n        }\n        this.skip();\n      } else {\n        messages.stack.push({\n          testStepFinished: {\n            testStepId: pickleStep.id,\n            testCaseStartedId,\n            testStepResult: {\n              status: Status.Passed,\n              duration: duration(start, end)\n            },\n            timestamp: end\n          }\n        });\n        remainingSteps.shift();\n      }\n    });\n  }\n}",
              "err": {},
              "uuid": "13435544-cd47-4a41-b29f-613cf8617cc2",
              "parentUUID": "3cbe98af-b310-406d-9c71-404e5beabee4",
              "isHook": false,
              "skipped": false
            },
            {
              "title": "Test Login via Webdriveruniversity Login Portal (example #2)",
              "fullTitle": "WebdriverUniversity Login Page Test Login via Webdriveruniversity Login Portal (example #2)",
              "timedOut": null,
              "duration": 874,
              "state": "passed",
              "speed": "fast",
              "pass": true,
              "fail": false,
              "pending": false,
              "context": null,
              "code": "var _a2, _b, _c, _d, _e;\nconst { remainingSteps, testCaseStartedId } = retrieveInternalProperties();\n(0, registry_1.assignRegistry)(registry2);\nmessages.stack.push({\n  testCaseStarted: {\n    id: testCaseStartedId,\n    testCaseId,\n    attempt: attempt++,\n    timestamp: createTimestamp()\n  }\n});\nwindow.testState = {\n  gherkinDocument,\n  pickles,\n  pickle\n};\nfor (const step of steps) {\n  if (step.hook) {\n    const hook = step.hook;\n    cy.then(() => {\n      Cypress.log({\n        name: \"step\",\n        displayName: hook.keyword,\n        message: \"\"\n      });\n      const start = createTimestamp();\n      messages.stack.push({\n        testStepStarted: {\n          testStepId: hook.id,\n          testCaseStartedId,\n          timestamp: start\n        }\n      });\n      if (messages.enabled) {\n        cy.task(constants_1.TASK_TEST_STEP_STARTED, hook.id, { log: false });\n      }\n      return cy.wrap(start, { log: false });\n    }).then((start) => {\n      registry2.runHook(this, hook);\n      return cy.wrap(start, { log: false });\n    }).then((start) => {\n      const end = createTimestamp();\n      messages.stack.push({\n        testStepFinished: {\n          testStepId: hook.id,\n          testCaseStartedId,\n          testStepResult: {\n            status: Status.Passed,\n            duration: duration(start, end)\n          },\n          timestamp: end\n        }\n      });\n      remainingSteps.shift();\n    });\n  } else if (step.pickleStep) {\n    const pickleStep = step.pickleStep;\n    const text = (0, assertions_1.assertAndReturn)(pickleStep.text, \"Expected pickle step to have a text\");\n    const scenarioStep = (0, assertions_1.assertAndReturn)(astIdMap.get((0, assertions_1.assertAndReturn)((_a2 = pickleStep.astNodeIds) === null || _a2 === void 0 ? void 0 : _a2[0], \"Expected to find at least one astNodeId\")), `Expected to find scenario step associated with id = ${(_b = pickleStep.astNodeIds) === null || _b === void 0 ? void 0 : _b[0]}`);\n    cy.then(() => {\n      Cypress.log({\n        name: \"step\",\n        displayName: (0, assertions_1.assertAndReturn)(\"keyword\" in scenarioStep && scenarioStep.keyword, \"Expected to find a keyword in the scenario step\"),\n        message: text\n      });\n    });\n    const argument = ((_c = pickleStep.argument) === null || _c === void 0 ? void 0 : _c.dataTable) ? new data_table_1.default(pickleStep.argument.dataTable) : ((_e = (_d = pickleStep.argument) === null || _d === void 0 ? void 0 : _d.docString) === null || _e === void 0 ? void 0 : _e.content) ? pickleStep.argument.docString.content : void 0;\n    cy.then(() => {\n      internalProperties.currentStep = { pickleStep };\n      const start = createTimestamp();\n      messages.stack.push({\n        testStepStarted: {\n          testStepId: pickleStep.id,\n          testCaseStartedId,\n          timestamp: start\n        }\n      });\n      if (messages.enabled) {\n        cy.task(constants_1.TASK_TEST_STEP_STARTED, pickleStep.id, { log: false });\n      }\n      return cy.wrap(start, { log: false });\n    }).then((start) => {\n      const ensureChain = (value) => Cypress.isCy(value) ? value : cy.wrap(value, { log: false });\n      return ensureChain(registry2.runStepDefininition(this, text, argument)).then((result) => {\n        return {\n          start,\n          result\n        };\n      });\n    }).then(({ start, result }) => {\n      var _a3, _b2, _c2;\n      const end = createTimestamp();\n      if (result === \"pending\") {\n        messages.stack.push({\n          testStepFinished: {\n            testStepId: pickleStep.id,\n            testCaseStartedId,\n            testStepResult: {\n              status: Status.Pending,\n              duration: duration(start, end)\n            },\n            timestamp: end\n          }\n        });\n        remainingSteps.shift();\n        for (const skippedStep of remainingSteps) {\n          const testStepId = (0, assertions_1.assertAndReturn)((_b2 = (_a3 = skippedStep.hook) === null || _a3 === void 0 ? void 0 : _a3.id) !== null && _b2 !== void 0 ? _b2 : (_c2 = skippedStep.pickleStep) === null || _c2 === void 0 ? void 0 : _c2.id, \"Expected a step to either be a hook or a pickleStep\");\n          messages.stack.push({\n            testStepStarted: {\n              testStepId,\n              testCaseStartedId\n            }\n          });\n          messages.stack.push({\n            testStepFinished: {\n              testStepId,\n              testCaseStartedId,\n              testStepResult: {\n                status: Status.Skipped\n              }\n            }\n          });\n        }\n        for (let i = 0, count = remainingSteps.length; i < count; i++) {\n          remainingSteps.pop();\n        }\n        this.skip();\n      } else {\n        messages.stack.push({\n          testStepFinished: {\n            testStepId: pickleStep.id,\n            testCaseStartedId,\n            testStepResult: {\n              status: Status.Passed,\n              duration: duration(start, end)\n            },\n            timestamp: end\n          }\n        });\n        remainingSteps.shift();\n      }\n    });\n  }\n}",
              "err": {},
              "uuid": "47330a6c-59c9-4c40-b84a-72f19742ed59",
              "parentUUID": "3cbe98af-b310-406d-9c71-404e5beabee4",
              "isHook": false,
              "skipped": false
            }
          ],
          "suites": [],
          "passes": [
            "f2945492-a980-49e7-852a-719eae6280d6",
            "b062c75a-76b1-40e8-b08a-9eb8c4f9060c",
            "13435544-cd47-4a41-b29f-613cf8617cc2",
            "47330a6c-59c9-4c40-b84a-72f19742ed59"
          ],
          "failures": [],
          "pending": [],
          "skipped": [],
          "duration": 5455,
          "root": false,
          "rootEmpty": false,
          "_timeout": 2000
        }
      ],
      "passes": [],
      "failures": [],
      "pending": [],
      "skipped": [],
      "duration": 0,
      "root": true,
      "rootEmpty": true,
      "_timeout": 2000
    },
    {
      "uuid": "88e4a715-f3da-418e-82f0-3e9e28f97568",
      "title": "",
      "fullFile": "cypress\\e2e\\other\\intercept.js",
      "file": "cypress\\e2e\\other\\intercept.js",
      "beforeHooks": [],
      "afterHooks": [],
      "tests": [],
      "suites": [
        {
          "uuid": "809b02c8-acef-4a94-be37-2f7855a1e167",
          "title": "Use cy.intercept to spy or stub requests and responses",
          "fullFile": "",
          "file": "",
          "beforeHooks": [],
          "afterHooks": [],
          "tests": [
            {
              "title": "Intercept the  request  and modify the response",
              "fullTitle": "Use cy.intercept to spy or stub requests and responses Intercept the  request  and modify the response",
              "timedOut": null,
              "duration": 4636,
              "state": "passed",
              "speed": "fast",
              "pass": true,
              "fail": false,
              "pending": false,
              "context": null,
              "code": "cy.visit(\"https://jsonplaceholder.typicode.com\");\ncy.intercept({ method: \"GET\", path: \"/posts\" }, (req) => {\n  req.on(\"before:response\", (res) => {\n  });\n  req.continue((res) => {\n    res.setThrottle(1e3);\n    res.setDelay(2e3);\n    console.log(res);\n  });\n}).as(\"posts\");\ncy.get(\"table:nth-of-type(1) a[href='/posts']\").click();\ncy.wait(\"@posts\").then((intercept) => {\n  console.log(intercept.response);\n});",
              "err": {},
              "uuid": "45907f1c-d9f0-4a69-8885-30a177b31ec4",
              "parentUUID": "809b02c8-acef-4a94-be37-2f7855a1e167",
              "isHook": false,
              "skipped": false
            }
          ],
          "suites": [],
          "passes": [
            "45907f1c-d9f0-4a69-8885-30a177b31ec4"
          ],
          "failures": [],
          "pending": [],
          "skipped": [],
          "duration": 4636,
          "root": false,
          "rootEmpty": false,
          "_timeout": 2000
        }
      ],
      "passes": [],
      "failures": [],
      "pending": [],
      "skipped": [],
      "duration": 0,
      "root": true,
      "rootEmpty": true,
      "_timeout": 2000
    },
    {
      "uuid": "b888bb2a-0506-4f1c-8a2e-9e339ed83c9d",
      "title": "",
      "fullFile": "cypress\\e2e\\other\\qaclickacademy.js",
      "file": "cypress\\e2e\\other\\qaclickacademy.js",
      "beforeHooks": [],
      "afterHooks": [],
      "tests": [],
      "suites": [
        {
          "uuid": "1291604f-83cb-443d-9138-af4a7697dfe4",
          "title": "Practice testing on qaclickcademy.com practice site",
          "fullFile": "",
          "file": "",
          "beforeHooks": [],
          "afterHooks": [],
          "tests": [
            {
              "title": "Verify that radio buttons, autocomplete, dropdown menu and checkboxes can be used",
              "fullTitle": "Practice testing on qaclickcademy.com practice site Verify that radio buttons, autocomplete, dropdown menu and checkboxes can be used",
              "timedOut": null,
              "duration": 6349,
              "state": "passed",
              "speed": "medium",
              "pass": true,
              "fail": false,
              "pending": false,
              "context": null,
              "code": "cy.get('[for=\"radio1\"]').children().check().should(\"be.checked\");\ncy.get('input[value=\"radio2\"]').check().should(\"be.checked\");\ncy.get(\"label\").find('[value=\"radio3\"]').first().check().should(\"be.checked\");\ncy.get('[placeholder=\"Type to Select Countries\"]').type(\"ro\").then(() => {\n  cy.get(\"#ui-id-1\").each((el, idx, list) => {\n    cy.contains(\"Romania\").click().then(() => {\n      cy.get(\"#autocomplete\").should(\"have.value\", \"Romania\");\n    });\n  });\n});\ncy.get(\"#dropdown-class-example\").select(\"option3\").should(\"have.value\", \"option3\");\ncy.get(\"#checkbox-example fieldset label>input\").check().should(\"be.checked\");",
              "err": {},
              "uuid": "17d7da96-2287-4052-bc64-2aedcc8cb3f0",
              "parentUUID": "1291604f-83cb-443d-9138-af4a7697dfe4",
              "isHook": false,
              "skipped": false
            },
            {
              "title": "Verify that new tab link works",
              "fullTitle": "Practice testing on qaclickcademy.com practice site Verify that new tab link works",
              "timedOut": null,
              "duration": 2464,
              "state": "passed",
              "speed": "fast",
              "pass": true,
              "fail": false,
              "pending": false,
              "context": null,
              "code": "cy.get(\"#opentab\").invoke(\"attr\", \"target\", \"_self\").click().then(() => {\n  cy.url().should(\"eq\", \"https://www.rahulshettyacademy.com/\");\n});",
              "err": {},
              "uuid": "3f56475e-9043-4b76-aab6-6ad137f5c673",
              "parentUUID": "1291604f-83cb-443d-9138-af4a7697dfe4",
              "isHook": false,
              "skipped": false
            },
            {
              "title": "Verify alert and confirm pop-ups",
              "fullTitle": "Practice testing on qaclickcademy.com practice site Verify alert and confirm pop-ups",
              "timedOut": null,
              "duration": 1971,
              "state": "passed",
              "speed": "fast",
              "pass": true,
              "fail": false,
              "pending": false,
              "context": null,
              "code": "cy.get(\"#name\").type(\"Bogdan\");\ncy.get(\"#alertbtn\").click();\ncy.on(\"window:alert\", (message) => {\n  expect(message).to.equal(\"Hello Bogdan, share this practice page and share your knowledge\");\n});\ncy.get(\"#name\").type(\"Bogdan\");\ncy.get(\"#confirmbtn\").click();\ncy.on(\"window:confirm\", (message) => {\n  expect(message).to.equal(\"Hello Bogdan, Are you sure you want to confirm?\");\n  return true;\n});",
              "err": {},
              "uuid": "bb1159ed-bd4d-4889-b35e-75ca84b9df06",
              "parentUUID": "1291604f-83cb-443d-9138-af4a7697dfe4",
              "isHook": false,
              "skipped": false
            },
            {
              "title": "Traverse table",
              "fullTitle": "Practice testing on qaclickcademy.com practice site Traverse table",
              "timedOut": null,
              "duration": 1505,
              "state": "passed",
              "speed": "fast",
              "pass": true,
              "fail": false,
              "pending": false,
              "context": null,
              "code": "cy.get(\"#product td\").contains(\"Bugzilla\").next().should(\"have.text\", \"25\");\ncy.get(\"#product td\").contains(\"Resume\").siblings().parentsUntil(\"fieldset\").should(\"have.length\", 3);",
              "err": {},
              "uuid": "3d0df240-22d2-44e4-a28f-66c1a36e08fe",
              "parentUUID": "1291604f-83cb-443d-9138-af4a7697dfe4",
              "isHook": false,
              "skipped": false
            },
            {
              "title": "Check visibility of input",
              "fullTitle": "Practice testing on qaclickcademy.com practice site Check visibility of input",
              "timedOut": null,
              "duration": 3905,
              "state": "passed",
              "speed": "fast",
              "pass": true,
              "fail": false,
              "pending": false,
              "context": null,
              "code": "cy.get(\"legend\").contains(\"Element Displayed Example\").siblings(\"#displayed-text\").type(\"Bogdan\").should(\"be.visible\").and(\"have.value\", \"Bogdan\");\ncy.get(\"#hide-textbox\").click().then(() => {\n  cy.get(\"#displayed-text\").should(\"not.be.visible\").and(\"have.css\", \"display\", \"none\");\n});",
              "err": {},
              "uuid": "acdc6ef8-014d-4c13-9b90-ab1edaa12a57",
              "parentUUID": "1291604f-83cb-443d-9138-af4a7697dfe4",
              "isHook": false,
              "skipped": false
            },
            {
              "title": "Sum all the values from the Amount column and verify it ",
              "fullTitle": "Practice testing on qaclickcademy.com practice site Sum all the values from the Amount column and verify it ",
              "timedOut": null,
              "duration": 1031,
              "state": "passed",
              "speed": "fast",
              "pass": true,
              "fail": false,
              "pending": false,
              "context": null,
              "code": "let totalSum = 0;\ncy.get(\".tableFixHead #product td:last-child\").each((el) => {\n  const value = parseInt(el.text());\n  totalSum += value;\n});\ncy.get(\".totalAmount\").then((el) => {\n  let numberFromText = parseInt(el.text().match(/\\d/g).join(\"\"));\n  expect(numberFromText).to.equal(totalSum);\n});",
              "err": {},
              "uuid": "87f9d6bd-1677-4d6a-ae1a-a4fd21555213",
              "parentUUID": "1291604f-83cb-443d-9138-af4a7697dfe4",
              "isHook": false,
              "skipped": false
            },
            {
              "title": "Hover over element",
              "fullTitle": "Practice testing on qaclickcademy.com practice site Hover over element",
              "timedOut": null,
              "duration": 2576,
              "state": "passed",
              "speed": "fast",
              "pass": true,
              "fail": false,
              "pending": false,
              "context": null,
              "code": "cy.get(\"#mousehover\").trigger(\"mouseover\").then(() => {\n  cy.contains(\"Top\").click({ force: true });\n  cy.location(\"hash\").should(\"include\", \"#top\");\n});\ncy.get(\"#mousehover\").trigger(\"mouseover\").siblings().children().contains(\"Reload\").click({ force: true });\ncy.url().should(\"eq\", \"https://www.rahulshettyacademy.com/AutomationPractice/\");",
              "err": {},
              "uuid": "773caa69-caa5-4536-b129-9c6d9bf06f87",
              "parentUUID": "1291604f-83cb-443d-9138-af4a7697dfe4",
              "isHook": false,
              "skipped": false
            },
            {
              "title": "Test iframe",
              "fullTitle": "Practice testing on qaclickcademy.com practice site Test iframe",
              "timedOut": null,
              "duration": 1443,
              "state": "passed",
              "speed": "fast",
              "pass": true,
              "fail": false,
              "pending": false,
              "context": null,
              "code": "cy.get(\"#courses-iframe\").then(($iframe) => {\n  const body = $iframe.contents().find(\"body\");\n  cy.wrap(body).as(\"iframe\").find('[href=\"https://rahulshettyacademy.com/blog/\"]').last().click({ force: true }).then(($iframe2) => {\n    expect($iframe2[0].innerHTML).to.include(\"Blog\");\n  });\n});",
              "err": {},
              "uuid": "82f833d3-86da-4bde-8ba5-ffec1b48aa3e",
              "parentUUID": "1291604f-83cb-443d-9138-af4a7697dfe4",
              "isHook": false,
              "skipped": false
            }
          ],
          "suites": [],
          "passes": [
            "17d7da96-2287-4052-bc64-2aedcc8cb3f0",
            "3f56475e-9043-4b76-aab6-6ad137f5c673",
            "bb1159ed-bd4d-4889-b35e-75ca84b9df06",
            "3d0df240-22d2-44e4-a28f-66c1a36e08fe",
            "acdc6ef8-014d-4c13-9b90-ab1edaa12a57",
            "87f9d6bd-1677-4d6a-ae1a-a4fd21555213",
            "773caa69-caa5-4536-b129-9c6d9bf06f87",
            "82f833d3-86da-4bde-8ba5-ffec1b48aa3e"
          ],
          "failures": [],
          "pending": [],
          "skipped": [],
          "duration": 21244,
          "root": false,
          "rootEmpty": false,
          "_timeout": 2000
        }
      ],
      "passes": [],
      "failures": [],
      "pending": [],
      "skipped": [],
      "duration": 0,
      "root": true,
      "rootEmpty": true,
      "_timeout": 2000
    },
    {
      "uuid": "db85d7c9-4f84-43e8-be52-65f652c623a3",
      "title": "",
      "fullFile": "cypress\\e2e\\other\\request.js",
      "file": "cypress\\e2e\\other\\request.js",
      "beforeHooks": [],
      "afterHooks": [],
      "tests": [],
      "suites": [
        {
          "uuid": "67efe31c-5ecb-4858-86dd-9d8d7c291f18",
          "title": "Use cy.request to make API requests",
          "fullFile": "",
          "file": "",
          "beforeHooks": [],
          "afterHooks": [],
          "tests": [
            {
              "title": "Login in autoTestStore with request only and check if customer cookie exists",
              "fullTitle": "Use cy.request to make API requests Login in autoTestStore with request only and check if customer cookie exists",
              "timedOut": null,
              "duration": 2774,
              "state": "passed",
              "speed": "fast",
              "pass": true,
              "fail": false,
              "pending": false,
              "context": null,
              "code": "cy.request(\"https://automationteststore.com/index.php?rt=account/login\").its(\"body\").then((body) => {\n  const $html = Cypress.$(body);\n  let csrftoken, csrfinstance;\n  csrfinstance = $html.find(\"#loginFrm input[name=csrfinstance]\").val();\n  csrftoken = $html.find(\"#loginFrm input[name=csrftoken]\").val();\n  console.log(csrfinstance, csrftoken);\n  cy.request({\n    method: \"POST\",\n    url: \"https://automationteststore.com/index.php?rt=account/login\",\n    form: true,\n    body: {\n      csrftoken,\n      csrfinstance,\n      loginname: \"webdriveruni\",\n      password: \"webdriveruni\"\n    }\n  }).then((el) => {\n    console.log(el);\n  });\n});\ncy.visit(\"https://automationteststore.com/\");\ncy.getCookie(\"customer\").should(\"exist\");",
              "err": {},
              "uuid": "c536c654-0ec3-4dd7-9362-e9b6319277cf",
              "parentUUID": "67efe31c-5ecb-4858-86dd-9d8d7c291f18",
              "isHook": false,
              "skipped": false
            }
          ],
          "suites": [],
          "passes": [
            "c536c654-0ec3-4dd7-9362-e9b6319277cf"
          ],
          "failures": [],
          "pending": [],
          "skipped": [],
          "duration": 2774,
          "root": false,
          "rootEmpty": false,
          "_timeout": 2000
        }
      ],
      "passes": [],
      "failures": [],
      "pending": [],
      "skipped": [],
      "duration": 0,
      "root": true,
      "rootEmpty": true,
      "_timeout": 2000
    },
    {
      "uuid": "f8a3ad3c-d8b6-4347-a675-b161d94f2723",
      "title": "",
      "fullFile": "cypress\\e2e\\other\\same-origin-policy.js",
      "file": "cypress\\e2e\\other\\same-origin-policy.js",
      "beforeHooks": [],
      "afterHooks": [],
      "tests": [],
      "suites": [
        {
          "uuid": "9f79b179-6180-4dfc-8757-008c647c69b8",
          "title": "Cypress web security",
          "fullFile": "",
          "file": "",
          "beforeHooks": [],
          "afterHooks": [],
          "tests": [
            {
              "title": "Use cy.origin  to visit different super-domains",
              "fullTitle": "Cypress web security Use cy.origin  to visit different super-domains",
              "timedOut": null,
              "duration": 5275,
              "state": "passed",
              "speed": "medium",
              "pass": true,
              "fail": false,
              "pending": false,
              "context": null,
              "code": "cy.visit(\"https://webdriveruniversity.com/\");\ncy.get(\"#dropdown-checkboxes-radiobuttons\").invoke(\"attr\", \"target\", \"_self\").click({ force: true });\ncy.origin(\"https://automationteststore.com/\", () => {\n  cy.visit(\"https://automationteststore.com/\");\n  cy.url().should(\"eq\", \"https://automationteststore.com/\");\n});",
              "err": {},
              "uuid": "e8365520-8ecb-4a29-859a-548974c39cbf",
              "parentUUID": "9f79b179-6180-4dfc-8757-008c647c69b8",
              "isHook": false,
              "skipped": false
            }
          ],
          "suites": [],
          "passes": [
            "e8365520-8ecb-4a29-859a-548974c39cbf"
          ],
          "failures": [],
          "pending": [],
          "skipped": [],
          "duration": 5275,
          "root": false,
          "rootEmpty": false,
          "_timeout": 2000
        }
      ],
      "passes": [],
      "failures": [],
      "pending": [],
      "skipped": [],
      "duration": 0,
      "root": true,
      "rootEmpty": true,
      "_timeout": 2000
    },
    {
      "uuid": "d736adb9-f2a4-495d-b4df-bc9fec6b0483",
      "title": "",
      "fullFile": "cypress\\e2e\\other\\sessions.js",
      "file": "cypress\\e2e\\other\\sessions.js",
      "beforeHooks": [],
      "afterHooks": [],
      "tests": [],
      "suites": [
        {
          "uuid": "ab59626e-5fd1-4318-89c9-5fe6f012f326",
          "title": "Test sessions  via Automation Test Store",
          "fullFile": "",
          "file": "",
          "beforeHooks": [],
          "afterHooks": [],
          "tests": [
            {
              "title": "Should be able to record sessions for test1 ",
              "fullTitle": "Test sessions  via Automation Test Store Should be able to record sessions for test1 ",
              "timedOut": null,
              "duration": 6156,
              "state": "passed",
              "speed": "medium",
              "pass": true,
              "fail": false,
              "pending": false,
              "context": null,
              "code": "cy.visit(\"https://automationteststore.com/\");\ncy.get(\"#block_frame_latest_1770 > .thumbnails > :nth-child(2) > .thumbnail > .pricetag > .productcart\").click();\ncy.get(\"#block_frame_latest_1770 > .thumbnails > :nth-child(3) > .thumbnail > .pricetag > .productcart > .fa\").click();",
              "err": {},
              "uuid": "d8edf29e-27fe-4524-8341-435341035b2b",
              "parentUUID": "ab59626e-5fd1-4318-89c9-5fe6f012f326",
              "isHook": false,
              "skipped": false
            },
            {
              "title": "Should be able to record sessions for this test2 ",
              "fullTitle": "Test sessions  via Automation Test Store Should be able to record sessions for this test2 ",
              "timedOut": null,
              "duration": 2237,
              "state": "passed",
              "speed": "fast",
              "pass": true,
              "fail": false,
              "pending": false,
              "context": null,
              "code": "cy.visit(\"https://automationteststore.com/\");\ncy.get(\"#block_frame_latest_1770 > .thumbnails > :nth-child(2) > .thumbnail > .pricetag > .productcart\").click();\ncy.get(\"#block_frame_latest_1770 > .thumbnails > :nth-child(3) > .thumbnail > .pricetag > .productcart > .fa\").click();",
              "err": {},
              "uuid": "9eefe105-ad9d-4b0b-888c-91f36bf6ea5b",
              "parentUUID": "ab59626e-5fd1-4318-89c9-5fe6f012f326",
              "isHook": false,
              "skipped": false
            },
            {
              "title": "Test3",
              "fullTitle": "Test sessions  via Automation Test Store Test3",
              "timedOut": null,
              "duration": 8631,
              "state": "passed",
              "speed": "medium",
              "pass": true,
              "fail": false,
              "pending": false,
              "context": null,
              "code": "cy.visit(\"https://automationteststore.com/\");\ncy.get(\"#block_frame_latest_1770 > .thumbnails > :nth-child(3) > .thumbnail > .pricetag > .productcart > .fa\").click();\ncy.get(\"#block_frame_bestsellers_1771 > .thumbnails > :nth-child(3) > .thumbnail > .pricetag > .productcart > .fa\").click();\ncy.get(\".cart\").click();\ncy.get(\":nth-child(1) > .active\").click();\ncy.get(\"#block_frame_special_1772 > .thumbnails > :nth-child(2) > .thumbnail > .pricetag > .productcart > .fa\").click();\ncy.get(\".cart\").click();\ncy.get(\".col-md-6 > .btn-default\").click();\ncy.get(\".nav-pills > :nth-child(1) > .active\").click();",
              "err": {},
              "uuid": "cc31f11f-39fb-48ed-a520-ea8a19204fbd",
              "parentUUID": "ab59626e-5fd1-4318-89c9-5fe6f012f326",
              "isHook": false,
              "skipped": false
            }
          ],
          "suites": [],
          "passes": [
            "d8edf29e-27fe-4524-8341-435341035b2b",
            "9eefe105-ad9d-4b0b-888c-91f36bf6ea5b",
            "cc31f11f-39fb-48ed-a520-ea8a19204fbd"
          ],
          "failures": [],
          "pending": [],
          "skipped": [],
          "duration": 17024,
          "root": false,
          "rootEmpty": false,
          "_timeout": 2000
        }
      ],
      "passes": [],
      "failures": [],
      "pending": [],
      "skipped": [],
      "duration": 0,
      "root": true,
      "rootEmpty": true,
      "_timeout": 2000
    },
    {
      "uuid": "93ece06d-359e-4263-bf1d-b4c3524eaf7f",
      "title": "",
      "fullFile": "cypress\\e2e\\other\\spyStub.js",
      "file": "cypress\\e2e\\other\\spyStub.js",
      "beforeHooks": [],
      "afterHooks": [],
      "tests": [],
      "suites": [
        {
          "uuid": "f45c3972-bb22-41a5-afad-ec4ed9bc065d",
          "title": "Test  spys and stubs ",
          "fullFile": "",
          "file": "",
          "beforeHooks": [],
          "afterHooks": [],
          "tests": [
            {
              "title": "Stub on a function and its return value ",
              "fullTitle": "Test  spys and stubs  Stub on a function and its return value ",
              "timedOut": null,
              "duration": 179,
              "state": "passed",
              "speed": "fast",
              "pass": true,
              "fail": false,
              "pending": false,
              "context": null,
              "code": "const logging = {\n  clg(message) {\n    cy.log(\"Hi there \" + message);\n    return 5;\n  }\n};\nconst stub = cy.stub(logging, \"clg\").callsFake((args) => {\n  cy.log(\"hello \" + args);\n  return 20;\n}).as(\"stubLog\");\nlogging.clg(\"bbog\");\nexpect(logging.clg).to.have.returned(20);",
              "err": {},
              "uuid": "369d9481-df2a-4b9e-919b-0558729ab1be",
              "parentUUID": "f45c3972-bb22-41a5-afad-ec4ed9bc065d",
              "isHook": false,
              "skipped": false
            }
          ],
          "suites": [],
          "passes": [
            "369d9481-df2a-4b9e-919b-0558729ab1be"
          ],
          "failures": [],
          "pending": [],
          "skipped": [],
          "duration": 179,
          "root": false,
          "rootEmpty": false,
          "_timeout": 2000
        }
      ],
      "passes": [],
      "failures": [],
      "pending": [],
      "skipped": [],
      "duration": 0,
      "root": true,
      "rootEmpty": true,
      "_timeout": 2000
    },
    {
      "uuid": "15a7238b-5001-4648-9ad1-2928ba7605ed",
      "title": "",
      "fullFile": "cypress\\e2e\\webdriver-uni\\autocomplete-dropdown-list.js",
      "file": "cypress\\e2e\\webdriver-uni\\autocomplete-dropdown-list.js",
      "beforeHooks": [],
      "afterHooks": [],
      "tests": [],
      "suites": [
        {
          "uuid": "33021505-0967-46c3-b4f6-5a3cdfb3a5e4",
          "title": "Verify autocomplete dropdown list via webdriveruni",
          "fullFile": "",
          "file": "",
          "beforeHooks": [],
          "afterHooks": [],
          "tests": [
            {
              "title": "Select specific product via autocomplete list",
              "fullTitle": "Verify autocomplete dropdown list via webdriveruni Select specific product via autocomplete list",
              "timedOut": null,
              "duration": 2235,
              "state": "passed",
              "speed": "fast",
              "pass": true,
              "fail": false,
              "pending": false,
              "context": null,
              "code": "cy.get(\"#autocomplete-textfield\").invoke(\"attr\", \"target\", \"_self\").click({ force: true });\ncy.get(\"#myInput\").type(\"A\");\ncy.get(\"#myInputautocomplete-list > *\").each(($el, index, $list) => {\n  const prod = $el.text();\n  const productToSelect = \"Avacado\";\n  if (prod === productToSelect) {\n    $el.trigger(\"click\");\n    cy.get(\"#submit-button\").click();\n    cy.url().should(\"include\", productToSelect);\n  }\n}).then((el) => {\n  console.log(el);\n  cy.get(\"#myInput\").type(\"G\");\n  cy.get(\"#myInputautocomplete-list > *\").each(($el, index, $list) => {\n    const prod = $el.text();\n    const productToSelect = \"Grapes\";\n    if (prod === productToSelect) {\n      $el.trigger(\"click\");\n      cy.get(\"#submit-button\").click();\n      cy.url().should(\"include\", productToSelect);\n    }\n  });\n});",
              "err": {},
              "uuid": "5cd72f5b-ce7c-41ee-925e-748caac15b0a",
              "parentUUID": "33021505-0967-46c3-b4f6-5a3cdfb3a5e4",
              "isHook": false,
              "skipped": false
            }
          ],
          "suites": [],
          "passes": [
            "5cd72f5b-ce7c-41ee-925e-748caac15b0a"
          ],
          "failures": [],
          "pending": [],
          "skipped": [],
          "duration": 2235,
          "root": false,
          "rootEmpty": false,
          "_timeout": 2000
        }
      ],
      "passes": [],
      "failures": [],
      "pending": [],
      "skipped": [],
      "duration": 0,
      "root": true,
      "rootEmpty": true,
      "_timeout": 2000
    },
    {
      "uuid": "205f79e0-8356-4a68-965d-9ee9beed2d18",
      "title": "",
      "fullFile": "cypress\\e2e\\webdriver-uni\\browser-navigation.js",
      "file": "cypress\\e2e\\webdriver-uni\\browser-navigation.js",
      "beforeHooks": [],
      "afterHooks": [],
      "tests": [],
      "suites": [
        {
[...]
              "title": "prev() to get the previous sibling DOM element within elements",
              "fullTitle": "Traversing DOM elements in Cypress prev() to get the previous sibling DOM element within elements",
              "timedOut": null,
              "duration": 539,
              "state": "passed",
              "speed": "fast",
              "pass": true,
              "fail": false,
              "pending": false,
              "context": null,
              "code": "cy.get(\"#sugar\").prev().contains(\"Espresso\");",
              "err": {},
              "uuid": "04bea316-7064-49c9-92a9-2a4efb340ccb",
              "parentUUID": "09d0c777-a114-435e-8e98-01e0beb197bb",
              "isHook": false,
              "skipped": false
            },
            {
              "title": "prevAll() to get all previous sibling DOM elements within elements",
              "fullTitle": "Traversing DOM elements in Cypress prevAll() to get all previous sibling DOM elements within elements",
              "timedOut": null,
              "duration": 540,
              "state": "passed",
              "speed": "fast",
              "pass": true,
              "fail": false,
              "pending": false,
              "context": null,
              "code": "cy.get(\".sales\").prevAll().should(\"have.length\", 2);",
              "err": {},
              "uuid": "cd144e41-1cc3-4cc5-ab4d-177eb373efa6",
              "parentUUID": "09d0c777-a114-435e-8e98-01e0beb197bb",
              "isHook": false,
              "skipped": false
            },
            {
              "title": "prevUntil() to get all previous sibling DOM elements within elements until other element",
              "fullTitle": "Traversing DOM elements in Cypress prevUntil() to get all previous sibling DOM elements within elements until other element",
              "timedOut": null,
              "duration": 472,
              "state": "passed",
              "speed": "fast",
              "pass": true,
              "fail": false,
              "pending": false,
              "context": null,
              "code": "cy.get(\".list-header\").prevUntil(\"#fruits\").should(\"have.length\", 5);",
              "err": {},
              "uuid": "4b881659-83e6-4acd-a80b-f3a1ffe33a38",
              "parentUUID": "09d0c777-a114-435e-8e98-01e0beb197bb",
              "isHook": false,
              "skipped": false
            },
            {
              "title": "siblings() To get all sibling DOM elements of elements",
              "fullTitle": "Traversing DOM elements in Cypress siblings() To get all sibling DOM elements of elements",
              "timedOut": null,
              "duration": 546,
              "state": "passed",
              "speed": "fast",
              "pass": true,
              "fail": false,
              "pending": false,
              "context": null,
              "code": "cy.get(\".traversal-button-other-states .active\").siblings().should(\"have.length\", 3);",
              "err": {},
              "uuid": "bd8d29ed-07b7-48d2-bc64-c68cea8ef97d",
              "parentUUID": "09d0c777-a114-435e-8e98-01e0beb197bb",
              "isHook": false,
              "skipped": false
            }
          ],
          "suites": [],
          "passes": [
            "72d29b32-16f7-4536-91d6-6fb188d7214d",
            "3a71f059-6c2d-4b9a-810c-dbdb9a7d8f9b",
            "51f18057-8e4e-4e4b-a437-7a1a7703dd92",
            "a5df45e5-b045-4533-b3d5-500a02383952",
            "11237c66-6627-4a57-989e-236c912e4ca6",
            "b3343855-5c78-4f54-94be-914cd02ee05e",
            "65dffdfd-c955-4782-b950-454006b7cecc",
            "cb95f617-8fc0-4a52-a331-fb892f7e4fa6",
            "c2d631d0-55d9-430d-a27d-205eb41620ab",
            "f51ad57e-2302-4baa-ad93-1edcf4855f42",
            "01ca6493-44c0-4814-a516-d972b1670ba7",
            "956c10d7-25cd-42b2-81ec-4c5a21797dc1",
            "04bea316-7064-49c9-92a9-2a4efb340ccb",
            "cd144e41-1cc3-4cc5-ab4d-177eb373efa6",
            "4b881659-83e6-4acd-a80b-f3a1ffe33a38",
            "bd8d29ed-07b7-48d2-bc64-c68cea8ef97d"
          ],
          "failures": [],
          "pending": [],
          "skipped": [],
          "duration": 9211,
          "root": false,
          "rootEmpty": false,
          "_timeout": 2000
        }
      ],
      "passes": [],
      "failures": [],
      "pending": [],
      "skipped": [],
      "duration": 0,
      "root": true,
      "rootEmpty": true,
      "_timeout": 2000
    },
    {
      "uuid": "936f5ffe-c56a-48ac-a445-89564bfd0b6b",
      "title": "",
      "fullFile": "cypress\\e2e\\webdriver-uni\\traversing-elements.js",
      "file": "cypress\\e2e\\webdriver-uni\\traversing-elements.js",
      "beforeHooks": [],
      "afterHooks": [],
      "tests": [],
      "suites": [
        {
          "uuid": "e45bf950-1400-45c9-8b07-7ead949d507c",
          "title": "Traversing DOM elements in Cypress",
          "fullFile": "",
          "file": "",
          "beforeHooks": [],
          "afterHooks": [],
          "tests": [
            {
              "title": "children() to get the children of DOM elements",
              "fullTitle": "Traversing DOM elements in Cypress children() to get the children of DOM elements",
              "timedOut": null,
              "duration": 1496,
              "state": "passed",
              "speed": "fast",
              "pass": true,
              "fail": false,
              "pending": false,
              "context": null,
              "code": "cy.get(\".traversal-breadcrumb\").children(\".active\").should(\"contain\", \"Contact Us\");",
              "err": {},
              "uuid": "1f59b645-2aa8-405b-9b21-3e0b0821dc36",
              "parentUUID": "e45bf950-1400-45c9-8b07-7ead949d507c",
              "isHook": false,
              "skipped": false
            },
            {
              "title": "closest() to validate the closest ancestor DOM element",
              "fullTitle": "Traversing DOM elements in Cypress closest() to validate the closest ancestor DOM element",
              "timedOut": null,
              "duration": 561,
              "state": "passed",
              "speed": "fast",
              "pass": true,
              "fail": false,
              "pending": false,
              "context": null,
              "code": "cy.get(\".traversal-badge\").closest(\"ul\").should(\"have.class\", \"list-group\");",
              "err": {},
              "uuid": "371a626a-1063-45d7-b74f-7fe04ca5cf51",
              "parentUUID": "e45bf950-1400-45c9-8b07-7ead949d507c",
              "isHook": false,
              "skipped": false
            },
            {
              "title": "eq() to retrieve a specific element based on index",
              "fullTitle": "Traversing DOM elements in Cypress eq() to retrieve a specific element based on index",
              "timedOut": null,
              "duration": 505,
              "state": "passed",
              "speed": "fast",
              "pass": true,
              "fail": false,
              "pending": false,
              "context": null,
              "code": "cy.get(\".traversal-drinks-list > *\").eq(2).should(\"contain\", \"Milk\");",
              "err": {},
              "uuid": "639479cb-f1ca-466e-ace9-ba2c02a02dfd",
              "parentUUID": "e45bf950-1400-45c9-8b07-7ead949d507c",
              "isHook": false,
              "skipped": false
            },
            {
              "title": "filter() to retrieve DOM elements that match a specific selector",
              "fullTitle": "Traversing DOM elements in Cypress filter() to retrieve DOM elements that match a specific selector",
              "timedOut": null,
              "duration": 501,
              "state": "passed",
              "speed": "fast",
              "pass": true,
              "fail": false,
              "pending": false,
              "context": null,
              "code": "cy.get(\".btn-group-toggle > *\").filter(\".active\").should(\"contain\", \"Button-1\");",
              "err": {},
              "uuid": "732bd90b-600d-4934-814c-4fbacf6c4227",
              "parentUUID": "e45bf950-1400-45c9-8b07-7ead949d507c",
              "isHook": false,
              "skipped": false
            },
            {
              "title": "find() to retrieve DOM elements of a given selector",
              "fullTitle": "Traversing DOM elements in Cypress find() to retrieve DOM elements of a given selector",
              "timedOut": null,
              "duration": 594,
              "state": "passed",
              "speed": "fast",
              "pass": true,
              "fail": false,
              "pending": false,
              "context": null,
              "code": "cy.get(\".traversal-pagination\").find(\"li\").find(\"a\").should(\"have.length\", 7);",
              "err": {},
              "uuid": "138d1ad8-c692-4d04-a87b-65d75bf7349d",
              "parentUUID": "e45bf950-1400-45c9-8b07-7ead949d507c",
              "isHook": false,
              "skipped": false
            },
            {
              "title": "first() to retrieve the first DOM element within elements ",
              "fullTitle": "Traversing DOM elements in Cypress first() to retrieve the first DOM element within elements ",
              "timedOut": null,
              "duration": 532,
              "state": "passed",
              "speed": "fast",
              "pass": true,
              "fail": false,
              "pending": false,
              "context": null,
              "code": "cy.get(\".traversal-table > tbody > tr > td\").first().should(\"contain\", \"Andy\");",
              "err": {},
              "uuid": "44ad35eb-0da7-448c-90a7-c92196eab3ba",
              "parentUUID": "e45bf950-1400-45c9-8b07-7ead949d507c",
              "isHook": false,
              "skipped": false
            },
            {
              "title": "last() to retrieve the last DOM element within elements",
              "fullTitle": "Traversing DOM elements in Cypress last() to retrieve the last DOM element within elements",
              "timedOut": null,
              "duration": 488,
              "state": "passed",
              "speed": "fast",
              "pass": true,
              "fail": false,
              "pending": false,
              "context": null,
              "code": "cy.get(\".traversal-table > tbody > tr > td\").last().should(\"contain\", \"Scott\");",
              "err": {},
              "uuid": "cc75fa1d-31f3-468c-8d62-b39a959bc425",
              "parentUUID": "e45bf950-1400-45c9-8b07-7ead949d507c",
              "isHook": false,
              "skipped": false
            },
            {
              "title": "nextAll() to get all of the next sibling DOM elements within elements",
              "fullTitle": "Traversing DOM elements in Cypress nextAll() to get all of the next sibling DOM elements within elements",
              "timedOut": null,
              "duration": 521,
              "state": "passed",
              "speed": "fast",
              "pass": true,
              "fail": false,
              "pending": false,
              "context": null,
              "code": "cy.get(\".traversal-drinks-list\").contains(\"Tea\").nextAll().should(\"have.length\", \"3\");",
              "err": {},
              "uuid": "cad31650-b97d-4182-99e1-4ba37accd29a",
              "parentUUID": "e45bf950-1400-45c9-8b07-7ead949d507c",
              "isHook": false,
              "skipped": false
            },
            {
              "title": "nextUntil() to get all of the next sibling DOM elements within elements until another element",
              "fullTitle": "Traversing DOM elements in Cypress nextUntil() to get all of the next sibling DOM elements within elements until another element",
              "timedOut": null,
              "duration": 516,
              "state": "passed",
              "speed": "fast",
              "pass": true,
              "fail": false,
              "pending": false,
              "context": null,
              "code": "cy.get(\"#coffee\").nextUntil(\"#sugar\").should(\"contain\", \"Tea\");",
              "err": {},
              "uuid": "4cc52a17-340b-4325-9e09-9ef103bc3d58",
              "parentUUID": "e45bf950-1400-45c9-8b07-7ead949d507c",
              "isHook": false,
              "skipped": false
            },
            {
              "title": "not() to remove DOM element(s) from the set of elements",
              "fullTitle": "Traversing DOM elements in Cypress not() to remove DOM element(s) from the set of elements",
              "timedOut": null,
              "duration": 477,
              "state": "passed",
              "speed": "fast",
              "pass": true,
              "fail": false,
              "pending": false,
              "context": null,
              "code": "cy.get(\".traversal-button-states > *\").not(\".disabled\").should(\"not.have.class\", \"disabled\");",
              "err": {},
              "uuid": "4703616c-c87c-4dfe-8e1a-885f98fa4449",
              "parentUUID": "e45bf950-1400-45c9-8b07-7ead949d507c",
              "isHook": false,
              "skipped": false
            },
            {
              "title": "parent() To get parent DOM element of elements",
              "fullTitle": "Traversing DOM elements in Cypress parent() To get parent DOM element of elements",
              "timedOut": null,
              "duration": 458,
              "state": "passed",
              "speed": "fast",
              "pass": true,
              "fail": false,
              "pending": false,
              "context": null,
              "code": "cy.get(\".traversal-mark\").parent().should(\"contain\", \"Lorem ipsum dolor sit amet, consectetur adipiscing elit,\");",
              "err": {},
              "uuid": "73f0b6be-4e46-4410-935c-d5e1bcd1d6f8",
              "parentUUID": "e45bf950-1400-45c9-8b07-7ead949d507c",
              "isHook": false,
              "skipped": false
            },
            {
              "title": "parents() to get parents DOM element of elements",
              "fullTitle": "Traversing DOM elements in Cypress parents() to get parents DOM element of elements",
              "timedOut": null,
              "duration": 485,
              "state": "passed",
              "speed": "fast",
              "pass": true,
              "fail": false,
              "pending": false,
              "context": null,
              "code": "cy.get(\".traversal-cite\").parents(\"blockquote\");",
              "err": {},
              "uuid": "6015b54f-e848-4492-84e2-5a8363b264d3",
              "parentUUID": "e45bf950-1400-45c9-8b07-7ead949d507c",
              "isHook": false,
              "skipped": false
            },
            {
              "title": "prev() to get the previous sibling DOM element within elements",
              "fullTitle": "Traversing DOM elements in Cypress prev() to get the previous sibling DOM element within elements",
              "timedOut": null,
              "duration": 458,
              "state": "passed",
              "speed": "fast",
              "pass": true,
              "fail": false,
              "pending": false,
              "context": null,
              "code": "cy.get(\"#sugar\").prev().contains(\"Espresso\");",
              "err": {},
              "uuid": "a633857b-aad8-4a8d-8d9e-b7144f308690",
              "parentUUID": "e45bf950-1400-45c9-8b07-7ead949d507c",
              "isHook": false,
              "skipped": false
            },
            {
              "title": "prevAll() to get all previous sibling DOM elements within elements",
              "fullTitle": "Traversing DOM elements in Cypress prevAll() to get all previous sibling DOM elements within elements",
              "timedOut": null,
              "duration": 483,
              "state": "passed",
              "speed": "fast",
              "pass": true,
              "fail": false,
              "pending": false,
              "context": null,
              "code": "cy.get(\".sales\").prevAll().should(\"have.length\", 2);",
              "err": {},
              "uuid": "d4681952-1203-410c-af14-224229d8cc2e",
              "parentUUID": "e45bf950-1400-45c9-8b07-7ead949d507c",
              "isHook": false,
              "skipped": false
            },
            {
              "title": "prevUntil() to get all previous sibling DOM elements within elements until other element",
              "fullTitle": "Traversing DOM elements in Cypress prevUntil() to get all previous sibling DOM elements within elements until other element",
              "timedOut": null,
              "duration": 423,
              "state": "passed",
              "speed": "fast",
              "pass": true,
              "fail": false,
              "pending": false,
              "context": null,
              "code": "cy.get(\".list-header\").prevUntil(\"#fruits\").should(\"have.length\", 5);",
              "err": {},
              "uuid": "6408db73-9f4d-4420-95c3-825f6072e45a",
              "parentUUID": "e45bf950-1400-45c9-8b07-7ead949d507c",
              "isHook": false,
              "skipped": false
            },
            {
              "title": "siblings() To get all sibling DOM elements of elements",
              "fullTitle": "Traversing DOM elements in Cypress siblings() To get all sibling DOM elements of elements",
              "timedOut": null,
              "duration": 1147,
              "state": "passed",
              "speed": "fast",
              "pass": true,
              "fail": false,
              "pending": false,
              "context": null,
              "code": "cy.get(\".traversal-button-other-states .active\").siblings().should(\"have.length\", 3);",
              "err": {},
              "uuid": "3ead7b66-5e4f-435a-b83e-bd80d8eac680",
              "parentUUID": "e45bf950-1400-45c9-8b07-7ead949d507c",
              "isHook": false,
              "skipped": false
            }
          ],
          "suites": [],
          "passes": [
            "1f59b645-2aa8-405b-9b21-3e0b0821dc36",
            "371a626a-1063-45d7-b74f-7fe04ca5cf51",
            "639479cb-f1ca-466e-ace9-ba2c02a02dfd",
            "732bd90b-600d-4934-814c-4fbacf6c4227",
            "138d1ad8-c692-4d04-a87b-65d75bf7349d",
            "44ad35eb-0da7-448c-90a7-c92196eab3ba",
            "cc75fa1d-31f3-468c-8d62-b39a959bc425",
            "cad31650-b97d-4182-99e1-4ba37accd29a",
            "4cc52a17-340b-4325-9e09-9ef103bc3d58",
            "4703616c-c87c-4dfe-8e1a-885f98fa4449",
            "73f0b6be-4e46-4410-935c-d5e1bcd1d6f8",
            "6015b54f-e848-4492-84e2-5a8363b264d3",
            "a633857b-aad8-4a8d-8d9e-b7144f308690",
            "d4681952-1203-410c-af14-224229d8cc2e",
            "6408db73-9f4d-4420-95c3-825f6072e45a",
            "3ead7b66-5e4f-435a-b83e-bd80d8eac680"
          ],
          "failures": [],
          "pending": [],
          "skipped": [],
          "duration": 9645,
          "root": false,
          "rootEmpty": false,
          "_timeout": 2000
        }
      ],
      "passes": [],
      "failures": [],
      "pending": [],
      "skipped": [],
      "duration": 0,
      "root": true,
      "rootEmpty": true,
      "_timeout": 2000
    }
  ],
  "meta": {
    "mocha": {
      "version": "7.0.1"
    },
    "mochawesome": {
      "options": {
        "quiet": false,
        "reportFilename": "mochawesome",
        "saveHtml": false,
        "saveJson": true,
        "consoleReporter": "spec",
        "useInlineDiffs": false,
        "code": true
      },
      "version": "7.1.3"
    },
    "marge": {
      "options": {
        "id": "default",
        "reportDir": "cypress/results/mochawesome",
        "quite": true,
        "overwrite": false,
        "html": false,
        "json": true
      },
      "version": "6.2.0"
    }
  }
}