{
  "stats": {
    "suites": 1,
    "tests": 8,
    "passes": 8,
    "pending": 0,
    "failures": 0,
    "start": "2022-07-06T09:20:30.132Z",
    "end": "2022-07-06T09:20:58.007Z",
    "duration": 27875,
    "testsRegistered": 8,
    "passPercent": 100,
    "pendingPercent": 0,
    "other": 0,
    "hasOther": false,
    "skipped": 0,
    "hasSkipped": false
  },
  "results": [
    {
      "uuid": "c78d0218-fd8c-4f0d-b3c9-3ebeb9bc9aff",
      "title": "",
      "fullFile": "cypress\\e2e\\other\\qa\\qaclickacademy.js",
      "file": "cypress\\e2e\\other\\qa\\qaclickacademy.js",
      "beforeHooks": [],
      "afterHooks": [],
      "tests": [],
      "suites": [
        {
          "uuid": "a34ba3ea-e3f1-484d-a81a-e1e249d5710f",
          "title": "Practice testing on qaclickcademy.com practice site",
          "fullFile": "",
          "file": "",
          "beforeHooks": [],
          "afterHooks": [],
          "tests": [
            {
              "title": "Verify that radio buttons, autocomplete, dropdown menu and checkboxes can be used",
              "fullTitle": "Practice testing on qaclickcademy.com practice site Verify that radio buttons, autocomplete, dropdown menu and checkboxes can be used",
              "timedOut": null,
              "duration": 8452,
              "state": "passed",
              "speed": "medium",
              "pass": true,
              "fail": false,
              "pending": false,
              "context": null,
              "code": "cy.get('[for=\"radio1\"]').children().check().should(\"be.checked\");\ncy.get('input[value=\"radio2\"]').check().should(\"be.checked\");\ncy.get(\"label\").find('[value=\"radio3\"]').first().check().should(\"be.checked\");\ncy.get('[placeholder=\"Type to Select Countries\"]').type(\"ro\").then(() => {\n  cy.get(\"#ui-id-1\").each((el, idx, list) => {\n    cy.contains(\"Romania\").click().then(() => {\n      cy.get(\"#autocomplete\").should(\"have.value\", \"Romania\");\n    });\n  });\n});\ncy.get(\"#dropdown-class-example\").select(\"option3\").should(\"have.value\", \"option3\");\ncy.get(\"#checkbox-example fieldset label>input\").check().should(\"be.checked\");",
              "err": {},
              "uuid": "c239088e-9f10-4cc0-84a8-3819a76dc5b4",
              "parentUUID": "a34ba3ea-e3f1-484d-a81a-e1e249d5710f",
              "isHook": false,
              "skipped": false
            },
            {
              "title": "Verify that new tab link works",
              "fullTitle": "Practice testing on qaclickcademy.com practice site Verify that new tab link works",
              "timedOut": null,
              "duration": 3509,
              "state": "passed",
              "speed": "fast",
              "pass": true,
              "fail": false,
              "pending": false,
              "context": null,
              "code": "cy.get(\"#opentab\").invoke(\"attr\", \"target\", \"_self\").click().then(() => {\n  cy.url().should(\"eq\", \"https://www.rahulshettyacademy.com/\");\n});",
              "err": {},
              "uuid": "06a209f1-bc12-4b27-862f-9d66fcf93d73",
              "parentUUID": "a34ba3ea-e3f1-484d-a81a-e1e249d5710f",
              "isHook": false,
              "skipped": false
            },
            {
              "title": "Verify alert and confirm pop-ups",
              "fullTitle": "Practice testing on qaclickcademy.com practice site Verify alert and confirm pop-ups",
              "timedOut": null,
              "duration": 2300,
              "state": "passed",
              "speed": "fast",
              "pass": true,
              "fail": false,
              "pending": false,
              "context": null,
              "code": "cy.get(\"#name\").type(\"Bogdan\");\ncy.get(\"#alertbtn\").click();\ncy.on(\"window:alert\", (message) => {\n  expect(message).to.equal(\"Hello Bogdan, share this practice page and share your knowledge\");\n});\ncy.get(\"#name\").type(\"Bogdan\");\ncy.get(\"#confirmbtn\").click();\ncy.on(\"window:confirm\", (message) => {\n  expect(message).to.equal(\"Hello Bogdan, Are you sure you want to confirm?\");\n  return true;\n});",
              "err": {},
              "uuid": "bb34ee90-99d1-480a-aa13-60232b049de3",
              "parentUUID": "a34ba3ea-e3f1-484d-a81a-e1e249d5710f",
              "isHook": false,
              "skipped": false
            },
            {
              "title": "Traverse table",
              "fullTitle": "Practice testing on qaclickcademy.com practice site Traverse table",
              "timedOut": null,
              "duration": 1922,
              "state": "passed",
              "speed": "fast",
              "pass": true,
              "fail": false,
              "pending": false,
              "context": null,
              "code": "cy.get(\"#product td\").contains(\"Bugzilla\").next().should(\"have.text\", \"25\");\ncy.get(\"#product td\").contains(\"Resume\").siblings().parentsUntil(\"fieldset\").should(\"have.length\", 3);",
              "err": {},
              "uuid": "acab5bfd-3747-4e61-a5c1-fd5c8fbf4e00",
              "parentUUID": "a34ba3ea-e3f1-484d-a81a-e1e249d5710f",
              "isHook": false,
              "skipped": false
            },
            {
              "title": "Check visibility of input",
              "fullTitle": "Practice testing on qaclickcademy.com practice site Check visibility of input",
              "timedOut": null,
              "duration": 1914,
              "state": "passed",
              "speed": "fast",
              "pass": true,
              "fail": false,
              "pending": false,
              "context": null,
              "code": "cy.get(\"legend\").contains(\"Element Displayed Example\").siblings(\"#displayed-text\").type(\"Bogdan\").should(\"be.visible\").and(\"have.value\", \"Bogdan\");\ncy.get(\"#hide-textbox\").click().then(() => {\n  cy.get(\"#displayed-text\").should(\"not.be.visible\").and(\"have.css\", \"display\", \"none\");\n});",
              "err": {},
              "uuid": "ba25ef03-02cf-48f7-88c5-fcec73414694",
              "parentUUID": "a34ba3ea-e3f1-484d-a81a-e1e249d5710f",
              "isHook": false,
              "skipped": false
            },
            {
              "title": "Sum all the values from the Amount column and verify it ",
              "fullTitle": "Practice testing on qaclickcademy.com practice site Sum all the values from the Amount column and verify it ",
              "timedOut": null,
              "duration": 2182,
              "state": "passed",
              "speed": "fast",
              "pass": true,
              "fail": false,
              "pending": false,
              "context": null,
              "code": "let totalSum = 0;\ncy.get(\".tableFixHead #product td:last-child\").each((el) => {\n  const value = parseInt(el.text());\n  totalSum += value;\n});\ncy.get(\".totalAmount\").then((el) => {\n  let numberFromText = parseInt(el.text().match(/\\d/g).join(\"\"));\n  expect(numberFromText).to.equal(totalSum);\n});",
              "err": {},
              "uuid": "86ed7a77-70bc-4b04-8db6-748c16ece773",
              "parentUUID": "a34ba3ea-e3f1-484d-a81a-e1e249d5710f",
              "isHook": false,
              "skipped": false
            },
            {
              "title": "Hover over element",
              "fullTitle": "Practice testing on qaclickcademy.com practice site Hover over element",
              "timedOut": null,
              "duration": 3053,
              "state": "passed",
              "speed": "fast",
              "pass": true,
              "fail": false,
              "pending": false,
              "context": null,
              "code": "cy.get(\"#mousehover\").trigger(\"mouseover\").then(() => {\n  cy.contains(\"Top\").click({ force: true });\n  cy.location(\"hash\").should(\"include\", \"#top\");\n});\ncy.get(\"#mousehover\").trigger(\"mouseover\").siblings().children().contains(\"Reload\").click({ force: true });\ncy.url().should(\"eq\", \"https://www.rahulshettyacademy.com/AutomationPractice/\");",
              "err": {},
              "uuid": "62b710e8-cf25-458a-8aec-5db822619738",
              "parentUUID": "a34ba3ea-e3f1-484d-a81a-e1e249d5710f",
              "isHook": false,
              "skipped": false
            },
            {
              "title": "Test iframe",
              "fullTitle": "Practice testing on qaclickcademy.com practice site Test iframe",
              "timedOut": null,
              "duration": 1501,
              "state": "passed",
              "speed": "fast",
              "pass": true,
              "fail": false,
              "pending": false,
              "context": null,
              "code": "cy.get(\"#courses-iframe\").then(($iframe) => {\n  const body = $iframe.contents().find(\"body\");\n  cy.wrap(body).as(\"iframe\").find('[href=\"https://rahulshettyacademy.com/blog/\"]').last().click({ force: true }).then(($iframe2) => {\n    expect($iframe2[0].innerHTML).to.include(\"Blog\");\n  });\n});",
              "err": {},
              "uuid": "84861fee-b77f-41ae-be33-304f932f567a",
              "parentUUID": "a34ba3ea-e3f1-484d-a81a-e1e249d5710f",
              "isHook": false,
              "skipped": false
            }
          ],
          "suites": [],
          "passes": [
            "c239088e-9f10-4cc0-84a8-3819a76dc5b4",
            "06a209f1-bc12-4b27-862f-9d66fcf93d73",
            "bb34ee90-99d1-480a-aa13-60232b049de3",
            "acab5bfd-3747-4e61-a5c1-fd5c8fbf4e00",
            "ba25ef03-02cf-48f7-88c5-fcec73414694",
            "86ed7a77-70bc-4b04-8db6-748c16ece773",
            "62b710e8-cf25-458a-8aec-5db822619738",
            "84861fee-b77f-41ae-be33-304f932f567a"
          ],
          "failures": [],
          "pending": [],
          "skipped": [],
          "duration": 24833,
          "root": false,
          "rootEmpty": false,
          "_timeout": 2000
        }
      ],
      "passes": [],
      "failures": [],
      "pending": [],
      "skipped": [],
      "duration": 0,
      "root": true,
      "rootEmpty": true,
      "_timeout": 2000
    }
  ],
  "meta": {
    "mocha": {
      "version": "7.0.1"
    },
    "mochawesome": {
      "options": {
        "quiet": false,
        "reportFilename": "mochawesome",
        "saveHtml": true,
        "saveJson": true,
        "consoleReporter": "spec",
        "useInlineDiffs": false,
        "code": true
      },
      "version": "7.1.3"
    },
    "marge": {
      "options": {
        "id": "default"
      },
      "version": "6.2.0"
    }
  }
}