{
  "stats": {
    "suites": 1,
    "tests": 2,
    "passes": 2,
    "pending": 0,
    "failures": 0,
    "start": "2022-09-28T10:28:32.428Z",
    "end": "2022-09-28T10:28:36.128Z",
    "duration": 3700,
    "testsRegistered": 2,
    "passPercent": 100,
    "pendingPercent": 0,
    "other": 0,
    "hasOther": false,
    "skipped": 0,
    "hasSkipped": false
  },
  "results": [
    {
      "uuid": "2de45c58-2a90-4b9c-ac17-976ba5a278cf",
      "title": "",
      "fullFile": "cypress\\e2e\\webdriver-uni\\radio-buttons.js",
      "file": "cypress\\e2e\\webdriver-uni\\radio-buttons.js",
      "beforeHooks": [],
      "afterHooks": [],
      "tests": [],
      "suites": [
        {
          "uuid": "fae41601-356e-4c01-bdc2-52f1fa4481b6",
          "title": "Verify radio buttons via webdriveruni",
          "fullFile": "",
          "file": "",
          "beforeHooks": [],
          "afterHooks": [],
          "tests": [
            {
              "title": "Check specific radio buttons",
              "fullTitle": "Verify radio buttons via webdriveruni Check specific radio buttons",
              "timedOut": null,
              "duration": 1180,
              "state": "passed",
              "speed": "fast",
              "pass": true,
              "fail": false,
              "pending": false,
              "context": null,
              "code": "cy.get(\"#radio-buttons\").find('input[type=\"radio\"]').first().check();\ncy.get(\"#radio-buttons\").find('input[type=\"radio\"]').eq(2).check();",
              "err": {},
              "uuid": "9475289f-506b-4d87-99bc-9f03076823b7",
              "parentUUID": "fae41601-356e-4c01-bdc2-52f1fa4481b6",
              "isHook": false,
              "skipped": false
            },
            {
              "title": "Validate the state of specific radio buttons",
              "fullTitle": "Verify radio buttons via webdriveruni Validate the state of specific radio buttons",
              "timedOut": null,
              "duration": 834,
              "state": "passed",
              "speed": "fast",
              "pass": true,
              "fail": false,
              "pending": false,
              "context": null,
              "code": "cy.get('[value=\"lettuce\"]').should(\"not.be.checked\");\ncy.get('[value=\"pumpkin\"]').should(\"be.checked\");\ncy.get('[value=\"lettuce\"]').check();\ncy.get('[value=\"lettuce\"]').should(\"be.checked\");\ncy.get('[value=\"pumpkin\"]').should(\"not.be.checked\");\ncy.get('[value=\"cabbage\"]').should(\"be.disabled\");",
              "err": {},
              "uuid": "f25f51ff-017c-4bbc-898e-ef51bf82ccaa",
              "parentUUID": "fae41601-356e-4c01-bdc2-52f1fa4481b6",
              "isHook": false,
              "skipped": false
            }
          ],
          "suites": [],
          "passes": [
            "9475289f-506b-4d87-99bc-9f03076823b7",
            "f25f51ff-017c-4bbc-898e-ef51bf82ccaa"
          ],
          "failures": [],
          "pending": [],
          "skipped": [],
          "duration": 2014,
          "root": false,
          "rootEmpty": false,
          "_timeout": 2000
        }
      ],
      "passes": [],
      "failures": [],
      "pending": [],
      "skipped": [],
      "duration": 0,
      "root": true,
      "rootEmpty": true,
      "_timeout": 2000
    }
  ],
  "meta": {
    "mocha": {
      "version": "7.0.1"
    },
    "mochawesome": {
      "options": {
        "quiet": false,
        "reportFilename": "mochawesome",
        "saveHtml": true,
        "saveJson": true,
        "consoleReporter": "spec",
        "useInlineDiffs": false,
        "code": true
      },
      "version": "7.1.3"
    },
    "marge": {
      "options": {
        "id": "default"
      },
      "version": "6.2.0"
    }
  }
}